{"C:\\Users\\jeffe\\OneDrive\\Documentos\\projects\\eventhub\\backend\\src\\app.controller.ts": {"path":"C:\\Users\\jeffe\\OneDrive\\Documentos\\projects\\eventhub\\backend\\src\\app.controller.ts","statementMap":{"0":{"start":{"line":1,"column":0},"end":{"line":1,"column":49}},"1":{"start":{"line":2,"column":0},"end":{"line":2,"column":43}},"2":{"start":{"line":5,"column":7},"end":{"line":12,"column":null}},"3":{"start":{"line":6,"column":31},"end":{"line":6,"column":43}},"4":{"start":{"line":10,"column":4},"end":{"line":10,"column":38}},"5":{"start":{"line":5,"column":13},"end":{"line":5,"column":26}},"6":{"start":{"line":9,"column":2},"end":{"line":11,"column":null}},"7":{"start":{"line":5,"column":13},"end":{"line":12,"column":null}}},"fnMap":{"0":{"name":"(anonymous_2)","decl":{"start":{"line":6,"column":2},"end":{"line":6,"column":31}},"loc":{"start":{"line":6,"column":53},"end":{"line":6,"column":57}}},"1":{"name":"(anonymous_3)","decl":{"start":{"line":9,"column":2},"end":{"line":9,"column":10}},"loc":{"start":{"line":9,"column":10},"end":{"line":11,"column":3}}}},"branchMap":{"0":{"loc":{"start":{"line":6,"column":43},"end":{"line":6,"column":56}},"type":"cond-expr","locations":[{"start":{"line":6,"column":53},"end":{"line":6,"column":56}},{"start":{"line":6,"column":53},"end":{"line":6,"column":56}}]},"1":{"loc":{"start":{"line":6,"column":43},"end":{"line":6,"column":53}},"type":"binary-expr","locations":[{"start":{"line":6,"column":43},"end":{"line":6,"column":56}},{"start":{"line":6,"column":43},"end":{"line":6,"column":53}}]}},"s":{"0":1,"1":1,"2":1,"3":1,"4":1,"5":1,"6":1,"7":1},"f":{"0":1,"1":1},"b":{"0":[1,0],"1":[1,1]}}
,"C:\\Users\\jeffe\\OneDrive\\Documentos\\projects\\eventhub\\backend\\src\\app.module.ts": {"path":"C:\\Users\\jeffe\\OneDrive\\Documentos\\projects\\eventhub\\backend\\src\\app.module.ts","statementMap":{"0":{"start":{"line":1,"column":0},"end":{"line":1,"column":40}},"1":{"start":{"line":2,"column":0},"end":{"line":2,"column":49}},"2":{"start":{"line":3,"column":0},"end":{"line":3,"column":43}},"3":{"start":{"line":4,"column":0},"end":{"line":4,"column":54}},"4":{"start":{"line":5,"column":0},"end":{"line":5,"column":54}},"5":{"start":{"line":6,"column":0},"end":{"line":6,"column":51}},"6":{"start":{"line":7,"column":0},"end":{"line":7,"column":48}},"7":{"start":{"line":8,"column":0},"end":{"line":8,"column":66}},"8":{"start":{"line":9,"column":0},"end":{"line":9,"column":51}},"9":{"start":{"line":16,"column":7},"end":{"line":16,"column":null}},"10":{"start":{"line":16,"column":13},"end":{"line":16,"column":22}},"11":{"start":{"line":16,"column":13},"end":{"line":16,"column":null}}},"fnMap":{},"branchMap":{},"s":{"0":0,"1":0,"2":0,"3":0,"4":0,"5":0,"6":0,"7":0,"8":0,"9":0,"10":0,"11":0},"f":{},"b":{}}
,"C:\\Users\\jeffe\\OneDrive\\Documentos\\projects\\eventhub\\backend\\src\\app.service.ts": {"path":"C:\\Users\\jeffe\\OneDrive\\Documentos\\projects\\eventhub\\backend\\src\\app.service.ts","statementMap":{"0":{"start":{"line":1,"column":0},"end":{"line":1,"column":44}},"1":{"start":{"line":4,"column":7},"end":{"line":8,"column":null}},"2":{"start":{"line":6,"column":4},"end":{"line":6,"column":26}},"3":{"start":{"line":4,"column":13},"end":{"line":4,"column":23}},"4":{"start":{"line":4,"column":13},"end":{"line":8,"column":null}}},"fnMap":{"0":{"name":"(anonymous_1)","decl":{"start":{"line":5,"column":2},"end":{"line":5,"column":10}},"loc":{"start":{"line":5,"column":10},"end":{"line":7,"column":3}}}},"branchMap":{},"s":{"0":1,"1":1,"2":1,"3":1,"4":1},"f":{"0":1},"b":{}}
,"C:\\Users\\jeffe\\OneDrive\\Documentos\\projects\\eventhub\\backend\\src\\main.ts": {"path":"C:\\Users\\jeffe\\OneDrive\\Documentos\\projects\\eventhub\\backend\\src\\main.ts","statementMap":{"0":{"start":{"line":1,"column":0},"end":{"line":1,"column":43}},"1":{"start":{"line":2,"column":0},"end":{"line":2,"column":41}},"2":{"start":{"line":3,"column":0},"end":{"line":3,"column":48}},"3":{"start":{"line":4,"column":0},"end":{"line":4,"column":33}},"4":{"start":{"line":6,"column":0},"end":{"line":6,"column":16}},"5":{"start":{"line":9,"column":14},"end":{"line":9,"column":49}},"6":{"start":{"line":11,"column":2},"end":{"line":17,"column":4}},"7":{"start":{"line":19,"column":22},"end":{"line":19,"column":89}},"8":{"start":{"line":21,"column":2},"end":{"line":27,"column":5}},"9":{"start":{"line":29,"column":15},"end":{"line":29,"column":47}},"10":{"start":{"line":30,"column":2},"end":{"line":30,"column":25}},"11":{"start":{"line":32,"column":0},"end":{"line":32,"column":12}}},"fnMap":{"0":{"name":"bootstrap","decl":{"start":{"line":8,"column":15},"end":{"line":8,"column":24}},"loc":{"start":{"line":8,"column":24},"end":{"line":31,"column":1}}}},"branchMap":{"0":{"loc":{"start":{"line":19,"column":22},"end":{"line":19,"column":89}},"type":"binary-expr","locations":[{"start":{"line":19,"column":22},"end":{"line":19,"column":46}},{"start":{"line":19,"column":50},"end":{"line":19,"column":89}}]},"1":{"loc":{"start":{"line":23,"column":6},"end":{"line":25,"column":21}},"type":"cond-expr","locations":[{"start":{"line":24,"column":10},"end":{"line":24,"column":60}},{"start":{"line":25,"column":10},"end":{"line":25,"column":21}}]},"2":{"loc":{"start":{"line":29,"column":22},"end":{"line":29,"column":46}},"type":"binary-expr","locations":[{"start":{"line":29,"column":22},"end":{"line":29,"column":38}},{"start":{"line":29,"column":42},"end":{"line":29,"column":46}}]}},"s":{"0":0,"1":0,"2":0,"3":0,"4":0,"5":0,"6":0,"7":0,"8":0,"9":0,"10":0,"11":0},"f":{"0":0},"b":{"0":[0,0],"1":[0,0],"2":[0,0]}}
,"C:\\Users\\jeffe\\OneDrive\\Documentos\\projects\\eventhub\\backend\\src\\admin\\admin.controller.ts": {"path":"C:\\Users\\jeffe\\OneDrive\\Documentos\\projects\\eventhub\\backend\\src\\admin\\admin.controller.ts","statementMap":{"0":{"start":{"line":1,"column":0},"end":{"line":1,"column":88}},"1":{"start":{"line":2,"column":0},"end":{"line":2,"column":47}},"2":{"start":{"line":3,"column":0},"end":{"line":3,"column":61}},"3":{"start":{"line":7,"column":7},"end":{"line":34,"column":null}},"4":{"start":{"line":8,"column":31},"end":{"line":8,"column":45}},"5":{"start":{"line":12,"column":4},"end":{"line":12,"column":53}},"6":{"start":{"line":17,"column":4},"end":{"line":17,"column":50}},"7":{"start":{"line":22,"column":4},"end":{"line":22,"column":49}},"8":{"start":{"line":27,"column":4},"end":{"line":27,"column":40}},"9":{"start":{"line":32,"column":4},"end":{"line":32,"column":47}},"10":{"start":{"line":7,"column":13},"end":{"line":7,"column":28}},"11":{"start":{"line":11,"column":2},"end":{"line":13,"column":null}},"12":{"start":{"line":16,"column":2},"end":{"line":18,"column":null}},"13":{"start":{"line":21,"column":2},"end":{"line":23,"column":null}},"14":{"start":{"line":26,"column":2},"end":{"line":28,"column":null}},"15":{"start":{"line":31,"column":2},"end":{"line":33,"column":null}},"16":{"start":{"line":7,"column":13},"end":{"line":34,"column":null}}},"fnMap":{"0":{"name":"(anonymous_4)","decl":{"start":{"line":8,"column":2},"end":{"line":8,"column":31}},"loc":{"start":{"line":8,"column":57},"end":{"line":8,"column":61}}},"1":{"name":"(anonymous_5)","decl":{"start":{"line":11,"column":2},"end":{"line":11,"column":23}},"loc":{"start":{"line":11,"column":23},"end":{"line":13,"column":3}}},"2":{"name":"(anonymous_6)","decl":{"start":{"line":16,"column":2},"end":{"line":16,"column":18}},"loc":{"start":{"line":16,"column":56},"end":{"line":18,"column":3}}},"3":{"name":"(anonymous_7)","decl":{"start":{"line":21,"column":2},"end":{"line":21,"column":17}},"loc":{"start":{"line":21,"column":55},"end":{"line":23,"column":3}}},"4":{"name":"(anonymous_8)","decl":{"start":{"line":26,"column":2},"end":{"line":26,"column":10}},"loc":{"start":{"line":26,"column":10},"end":{"line":28,"column":3}}},"5":{"name":"(anonymous_9)","decl":{"start":{"line":31,"column":2},"end":{"line":31,"column":17}},"loc":{"start":{"line":31,"column":17},"end":{"line":33,"column":3}}}},"branchMap":{"0":{"loc":{"start":{"line":8,"column":45},"end":{"line":8,"column":60}},"type":"cond-expr","locations":[{"start":{"line":8,"column":57},"end":{"line":8,"column":60}},{"start":{"line":8,"column":57},"end":{"line":8,"column":60}}]},"1":{"loc":{"start":{"line":8,"column":45},"end":{"line":8,"column":57}},"type":"binary-expr","locations":[{"start":{"line":8,"column":45},"end":{"line":8,"column":60}},{"start":{"line":8,"column":45},"end":{"line":8,"column":57}}]}},"s":{"0":0,"1":0,"2":0,"3":0,"4":0,"5":0,"6":0,"7":0,"8":0,"9":0,"10":0,"11":0,"12":0,"13":0,"14":0,"15":0,"16":0},"f":{"0":0,"1":0,"2":0,"3":0,"4":0,"5":0},"b":{"0":[0,0],"1":[0,0]}}
,"C:\\Users\\jeffe\\OneDrive\\Documentos\\projects\\eventhub\\backend\\src\\admin\\admin.module.ts": {"path":"C:\\Users\\jeffe\\OneDrive\\Documentos\\projects\\eventhub\\backend\\src\\admin\\admin.module.ts","statementMap":{"0":{"start":{"line":1,"column":0},"end":{"line":1,"column":40}},"1":{"start":{"line":2,"column":0},"end":{"line":2,"column":53}},"2":{"start":{"line":3,"column":0},"end":{"line":3,"column":47}},"3":{"start":{"line":4,"column":0},"end":{"line":4,"column":55}},"4":{"start":{"line":5,"column":0},"end":{"line":5,"column":52}},"5":{"start":{"line":12,"column":7},"end":{"line":12,"column":null}},"6":{"start":{"line":12,"column":13},"end":{"line":12,"column":24}},"7":{"start":{"line":12,"column":13},"end":{"line":12,"column":null}}},"fnMap":{},"branchMap":{},"s":{"0":0,"1":0,"2":0,"3":0,"4":0,"5":0,"6":0,"7":0},"f":{},"b":{}}
,"C:\\Users\\jeffe\\OneDrive\\Documentos\\projects\\eventhub\\backend\\src\\admin\\admin.service.ts": {"path":"C:\\Users\\jeffe\\OneDrive\\Documentos\\projects\\eventhub\\backend\\src\\admin\\admin.service.ts","statementMap":{"0":{"start":{"line":1,"column":0},"end":{"line":1,"column":44}},"1":{"start":{"line":2,"column":0},"end":{"line":2,"column":57}},"2":{"start":{"line":3,"column":0},"end":{"line":3,"column":54}},"3":{"start":{"line":6,"column":7},"end":{"line":61,"column":null}},"4":{"start":{"line":8,"column":21},"end":{"line":8,"column":35}},"5":{"start":{"line":9,"column":21},"end":{"line":9,"column":36}},"6":{"start":{"line":13,"column":4},"end":{"line":13,"column":53}},"7":{"start":{"line":17,"column":4},"end":{"line":17,"column":50}},"8":{"start":{"line":21,"column":4},"end":{"line":21,"column":49}},"9":{"start":{"line":25,"column":50},"end":{"line":29,"column":6}},"10":{"start":{"line":31,"column":16},"end":{"line":31,"column":26}},"11":{"start":{"line":32,"column":25},"end":{"line":32,"column":68}},"12":{"start":{"line":33,"column":24},"end":{"line":33,"column":49}},"13":{"start":{"line":34,"column":28},"end":{"line":36,"column":12}},"14":{"start":{"line":35,"column":6},"end":{"line":35,"column":95}},"15":{"start":{"line":38,"column":26},"end":{"line":40,"column":9}},"16":{"start":{"line":39,"column":51},"end":{"line":39,"column":82}},"17":{"start":{"line":42,"column":25},"end":{"line":45,"column":9}},"18":{"start":{"line":43,"column":24},"end":{"line":43,"column":93}},"19":{"start":{"line":44,"column":6},"end":{"line":44,"column":56}},"20":{"start":{"line":47,"column":4},"end":{"line":55,"column":6}},"21":{"start":{"line":59,"column":4},"end":{"line":59,"column":43}},"22":{"start":{"line":6,"column":13},"end":{"line":6,"column":25}},"23":{"start":{"line":6,"column":13},"end":{"line":61,"column":null}}},"fnMap":{"0":{"name":"(anonymous_2)","decl":{"start":{"line":7,"column":2},"end":{"line":7,"column":null}},"loc":{"start":{"line":9,"column":49},"end":{"line":10,"column":6}}},"1":{"name":"(anonymous_3)","decl":{"start":{"line":12,"column":2},"end":{"line":12,"column":23}},"loc":{"start":{"line":12,"column":23},"end":{"line":14,"column":3}}},"2":{"name":"(anonymous_4)","decl":{"start":{"line":16,"column":2},"end":{"line":16,"column":18}},"loc":{"start":{"line":16,"column":29},"end":{"line":18,"column":3}}},"3":{"name":"(anonymous_5)","decl":{"start":{"line":20,"column":2},"end":{"line":20,"column":17}},"loc":{"start":{"line":20,"column":28},"end":{"line":22,"column":3}}},"4":{"name":"(anonymous_6)","decl":{"start":{"line":24,"column":2},"end":{"line":24,"column":7}},"loc":{"start":{"line":24,"column":16},"end":{"line":56,"column":3}}},"5":{"name":"(anonymous_7)","decl":{"start":{"line":34,"column":42},"end":{"line":34,"column":43}},"loc":{"start":{"line":35,"column":6},"end":{"line":35,"column":95}}},"6":{"name":"(anonymous_8)","decl":{"start":{"line":39,"column":22},"end":{"line":39,"column":23}},"loc":{"start":{"line":39,"column":51},"end":{"line":39,"column":82}}},"7":{"name":"(anonymous_9)","decl":{"start":{"line":42,"column":39},"end":{"line":42,"column":40}},"loc":{"start":{"line":42,"column":67},"end":{"line":45,"column":5}}},"8":{"name":"(anonymous_10)","decl":{"start":{"line":58,"column":2},"end":{"line":58,"column":17}},"loc":{"start":{"line":58,"column":17},"end":{"line":60,"column":3}}}},"branchMap":{"0":{"loc":{"start":{"line":35,"column":6},"end":{"line":35,"column":95}},"type":"binary-expr","locations":[{"start":{"line":35,"column":6},"end":{"line":35,"column":36}},{"start":{"line":35,"column":40},"end":{"line":35,"column":95}}]},"1":{"loc":{"start":{"line":38,"column":26},"end":{"line":40,"column":9}},"type":"cond-expr","locations":[{"start":{"line":39,"column":8},"end":{"line":39,"column":102}},{"start":{"line":40,"column":8},"end":{"line":40,"column":9}}]},"2":{"loc":{"start":{"line":39,"column":64},"end":{"line":39,"column":81}},"type":"binary-expr","locations":[{"start":{"line":39,"column":64},"end":{"line":39,"column":76}},{"start":{"line":39,"column":80},"end":{"line":39,"column":81}}]},"3":{"loc":{"start":{"line":43,"column":24},"end":{"line":43,"column":93}},"type":"cond-expr","locations":[{"start":{"line":43,"column":62},"end":{"line":43,"column":89}},{"start":{"line":43,"column":92},"end":{"line":43,"column":93}}]},"4":{"loc":{"start":{"line":44,"column":26},"end":{"line":44,"column":42}},"type":"binary-expr","locations":[{"start":{"line":44,"column":26},"end":{"line":44,"column":37}},{"start":{"line":44,"column":41},"end":{"line":44,"column":42}}]},"5":{"loc":{"start":{"line":8,"column":35},"end":{"line":8,"column":null}},"type":"cond-expr","locations":[{"start":{"line":8,"column":47},"end":{"line":8,"column":null}},{"start":{"line":8,"column":47},"end":{"line":8,"column":null}}]},"6":{"loc":{"start":{"line":8,"column":35},"end":{"line":8,"column":47}},"type":"binary-expr","locations":[{"start":{"line":8,"column":35},"end":{"line":8,"column":null}},{"start":{"line":8,"column":35},"end":{"line":8,"column":47}}]},"7":{"loc":{"start":{"line":8,"column":47},"end":{"line":9,"column":null}},"type":"cond-expr","locations":[{"start":{"line":9,"column":49},"end":{"line":9,"column":null}},{"start":{"line":9,"column":49},"end":{"line":9,"column":null}}]},"8":{"loc":{"start":{"line":8,"column":47},"end":{"line":9,"column":49}},"type":"binary-expr","locations":[{"start":{"line":8,"column":47},"end":{"line":9,"column":null}},{"start":{"line":9,"column":36},"end":{"line":9,"column":49}}]}},"s":{"0":1,"1":1,"2":1,"3":1,"4":4,"5":4,"6":1,"7":1,"8":1,"9":1,"10":1,"11":1,"12":1,"13":1,"14":2,"15":1,"16":2,"17":1,"18":2,"19":2,"20":1,"21":1,"22":1,"23":1},"f":{"0":4,"1":1,"2":1,"3":1,"4":1,"5":2,"6":2,"7":2,"8":1},"b":{"0":[2,2],"1":[1,0],"2":[2,0],"3":[2,0],"4":[2,0],"5":[1,0],"6":[1,1],"7":[1,0],"8":[1,1]}}
,"C:\\Users\\jeffe\\OneDrive\\Documentos\\projects\\eventhub\\backend\\src\\auth\\auth.controller.ts": {"path":"C:\\Users\\jeffe\\OneDrive\\Documentos\\projects\\eventhub\\backend\\src\\auth\\auth.controller.ts","statementMap":{"0":{"start":{"line":1,"column":0},"end":{"line":1,"column":78}},"1":{"start":{"line":2,"column":0},"end":{"line":2,"column":45}},"2":{"start":{"line":3,"column":0},"end":{"line":3,"column":43}},"3":{"start":{"line":6,"column":7},"end":{"line":14,"column":null}},"4":{"start":{"line":7,"column":22},"end":{"line":7,"column":35}},"5":{"start":{"line":12,"column":4},"end":{"line":12,"column":69}},"6":{"start":{"line":6,"column":13},"end":{"line":6,"column":27}},"7":{"start":{"line":11,"column":2},"end":{"line":13,"column":null}},"8":{"start":{"line":6,"column":13},"end":{"line":14,"column":null}}},"fnMap":{"0":{"name":"(anonymous_4)","decl":{"start":{"line":7,"column":2},"end":{"line":7,"column":22}},"loc":{"start":{"line":7,"column":46},"end":{"line":7,"column":50}}},"1":{"name":"(anonymous_5)","decl":{"start":{"line":11,"column":2},"end":{"line":11,"column":7}},"loc":{"start":{"line":11,"column":34},"end":{"line":13,"column":3}}}},"branchMap":{"0":{"loc":{"start":{"line":11,"column":26},"end":{"line":11,"column":null}},"type":"cond-expr","locations":[{"start":{"line":11,"column":34},"end":{"line":11,"column":null}},{"start":{"line":11,"column":34},"end":{"line":11,"column":null}}]},"1":{"loc":{"start":{"line":11,"column":26},"end":{"line":11,"column":34}},"type":"binary-expr","locations":[{"start":{"line":11,"column":26},"end":{"line":11,"column":null}},{"start":{"line":11,"column":26},"end":{"line":11,"column":34}}]},"2":{"loc":{"start":{"line":7,"column":35},"end":{"line":7,"column":49}},"type":"cond-expr","locations":[{"start":{"line":7,"column":46},"end":{"line":7,"column":49}},{"start":{"line":7,"column":46},"end":{"line":7,"column":49}}]},"3":{"loc":{"start":{"line":7,"column":35},"end":{"line":7,"column":46}},"type":"binary-expr","locations":[{"start":{"line":7,"column":35},"end":{"line":7,"column":49}},{"start":{"line":7,"column":35},"end":{"line":7,"column":46}}]}},"s":{"0":1,"1":1,"2":1,"3":1,"4":1,"5":0,"6":1,"7":1,"8":1},"f":{"0":1,"1":0},"b":{"0":[1,0],"1":[1,1],"2":[1,0],"3":[1,1]}}
,"C:\\Users\\jeffe\\OneDrive\\Documentos\\projects\\eventhub\\backend\\src\\auth\\auth.module.ts": {"path":"C:\\Users\\jeffe\\OneDrive\\Documentos\\projects\\eventhub\\backend\\src\\auth\\auth.module.ts","statementMap":{"0":{"start":{"line":1,"column":0},"end":{"line":1,"column":40}},"1":{"start":{"line":2,"column":0},"end":{"line":2,"column":45}},"2":{"start":{"line":3,"column":0},"end":{"line":3,"column":51}},"3":{"start":{"line":4,"column":0},"end":{"line":4,"column":52}},"4":{"start":{"line":5,"column":0},"end":{"line":5,"column":40}},"5":{"start":{"line":19,"column":7},"end":{"line":19,"column":null}},"6":{"start":{"line":19,"column":13},"end":{"line":19,"column":23}},"7":{"start":{"line":19,"column":13},"end":{"line":19,"column":null}}},"fnMap":{},"branchMap":{"0":{"loc":{"start":{"line":12,"column":14},"end":{"line":12,"column":78}},"type":"binary-expr","locations":[{"start":{"line":12,"column":14},"end":{"line":12,"column":36}},{"start":{"line":12,"column":40},"end":{"line":12,"column":78}}]}},"s":{"0":0,"1":0,"2":0,"3":0,"4":0,"5":0,"6":0,"7":0},"f":{},"b":{"0":[0,0]}}
,"C:\\Users\\jeffe\\OneDrive\\Documentos\\projects\\eventhub\\backend\\src\\auth\\auth.service.ts": {"path":"C:\\Users\\jeffe\\OneDrive\\Documentos\\projects\\eventhub\\backend\\src\\auth\\auth.service.ts","statementMap":{"0":{"start":{"line":1,"column":0},"end":{"line":1,"column":67}},"1":{"start":{"line":2,"column":0},"end":{"line":2,"column":54}},"2":{"start":{"line":3,"column":0},"end":{"line":3,"column":41}},"3":{"start":{"line":4,"column":0},"end":{"line":4,"column":33}},"4":{"start":{"line":7,"column":7},"end":{"line":32,"column":null}},"5":{"start":{"line":9,"column":12},"end":{"line":9,"column":26}},"6":{"start":{"line":10,"column":12},"end":{"line":10,"column":24}},"7":{"start":{"line":14,"column":17},"end":{"line":14,"column":59}},"8":{"start":{"line":15,"column":4},"end":{"line":17,"column":5}},"9":{"start":{"line":16,"column":6},"end":{"line":16,"column":63}},"10":{"start":{"line":19,"column":20},"end":{"line":19,"column":65}},"11":{"start":{"line":20,"column":4},"end":{"line":22,"column":5}},"12":{"start":{"line":21,"column":6},"end":{"line":21,"column":63}},"13":{"start":{"line":24,"column":20},"end":{"line":24,"column":72}},"14":{"start":{"line":25,"column":44},"end":{"line":25,"column":48}},"15":{"start":{"line":27,"column":4},"end":{"line":30,"column":6}},"16":{"start":{"line":7,"column":13},"end":{"line":7,"column":24}},"17":{"start":{"line":7,"column":13},"end":{"line":32,"column":null}}},"fnMap":{"0":{"name":"(anonymous_11)","decl":{"start":{"line":8,"column":2},"end":{"line":8,"column":null}},"loc":{"start":{"line":10,"column":34},"end":{"line":11,"column":6}}},"1":{"name":"(anonymous_12)","decl":{"start":{"line":13,"column":2},"end":{"line":13,"column":7}},"loc":{"start":{"line":13,"column":41},"end":{"line":31,"column":3}}}},"branchMap":{"0":{"loc":{"start":{"line":15,"column":4},"end":{"line":17,"column":5}},"type":"if","locations":[{"start":{"line":15,"column":4},"end":{"line":17,"column":5}},{"start":{},"end":{}}]},"1":{"loc":{"start":{"line":20,"column":4},"end":{"line":22,"column":5}},"type":"if","locations":[{"start":{"line":20,"column":4},"end":{"line":22,"column":5}},{"start":{},"end":{}}]},"2":{"loc":{"start":{"line":9,"column":26},"end":{"line":9,"column":null}},"type":"cond-expr","locations":[{"start":{"line":9,"column":38},"end":{"line":9,"column":null}},{"start":{"line":9,"column":38},"end":{"line":9,"column":null}}]},"3":{"loc":{"start":{"line":9,"column":26},"end":{"line":9,"column":38}},"type":"binary-expr","locations":[{"start":{"line":9,"column":26},"end":{"line":9,"column":null}},{"start":{"line":9,"column":26},"end":{"line":9,"column":38}}]},"4":{"loc":{"start":{"line":9,"column":38},"end":{"line":10,"column":null}},"type":"cond-expr","locations":[{"start":{"line":10,"column":34},"end":{"line":10,"column":null}},{"start":{"line":10,"column":34},"end":{"line":10,"column":null}}]},"5":{"loc":{"start":{"line":9,"column":38},"end":{"line":10,"column":34}},"type":"binary-expr","locations":[{"start":{"line":9,"column":38},"end":{"line":10,"column":null}},{"start":{"line":10,"column":24},"end":{"line":10,"column":34}}]}},"s":{"0":2,"1":2,"2":2,"3":2,"4":2,"5":4,"6":4,"7":3,"8":3,"9":1,"10":2,"11":2,"12":1,"13":1,"14":1,"15":1,"16":2,"17":2},"f":{"0":4,"1":3},"b":{"0":[1,2],"1":[1,1],"2":[2,0],"3":[2,2],"4":[2,0],"5":[2,2]}}
,"C:\\Users\\jeffe\\OneDrive\\Documentos\\projects\\eventhub\\backend\\src\\auth\\dto\\login.dto.ts": {"path":"C:\\Users\\jeffe\\OneDrive\\Documentos\\projects\\eventhub\\backend\\src\\auth\\dto\\login.dto.ts","statementMap":{"0":{"start":{"line":1,"column":0},"end":{"line":1,"column":64}},"1":{"start":{"line":3,"column":0},"end":{"line":3,"column":13}},"2":{"start":{"line":5,"column":2},"end":{"line":5,"column":null}},"3":{"start":{"line":9,"column":2},"end":{"line":9,"column":null}}},"fnMap":{},"branchMap":{},"s":{"0":1,"1":1,"2":1,"3":1},"f":{},"b":{}}
,"C:\\Users\\jeffe\\OneDrive\\Documentos\\projects\\eventhub\\backend\\src\\auth\\guards\\jwt-auth.guard.ts": {"path":"C:\\Users\\jeffe\\OneDrive\\Documentos\\projects\\eventhub\\backend\\src\\auth\\guards\\jwt-auth.guard.ts","statementMap":{"0":{"start":{"line":1,"column":0},"end":{"line":1,"column":98}},"1":{"start":{"line":2,"column":0},"end":{"line":2,"column":41}},"2":{"start":{"line":6,"column":7},"end":{"line":33,"column":null}},"3":{"start":{"line":7,"column":22},"end":{"line":7,"column":34}},"4":{"start":{"line":10,"column":20},"end":{"line":10,"column":55}},"5":{"start":{"line":11,"column":18},"end":{"line":11,"column":54}},"6":{"start":{"line":13,"column":4},"end":{"line":15,"column":5}},"7":{"start":{"line":14,"column":6},"end":{"line":14,"column":77}},"8":{"start":{"line":17,"column":4},"end":{"line":24,"column":5}},"9":{"start":{"line":18,"column":22},"end":{"line":20,"column":8}},"10":{"start":{"line":21,"column":6},"end":{"line":21,"column":32}},"11":{"start":{"line":23,"column":6},"end":{"line":23,"column":69}},"12":{"start":{"line":26,"column":4},"end":{"line":26,"column":16}},"13":{"start":{"line":30,"column":26},"end":{"line":30,"column":73}},"14":{"start":{"line":31,"column":4},"end":{"line":31,"column":49}},"15":{"start":{"line":6,"column":13},"end":{"line":6,"column":25}},"16":{"start":{"line":6,"column":13},"end":{"line":33,"column":null}}},"fnMap":{"0":{"name":"(anonymous_2)","decl":{"start":{"line":7,"column":2},"end":{"line":7,"column":22}},"loc":{"start":{"line":7,"column":44},"end":{"line":7,"column":48}}},"1":{"name":"(anonymous_3)","decl":{"start":{"line":9,"column":2},"end":{"line":9,"column":7}},"loc":{"start":{"line":9,"column":45},"end":{"line":27,"column":3}}},"2":{"name":"(anonymous_4)","decl":{"start":{"line":29,"column":10},"end":{"line":29,"column":32}},"loc":{"start":{"line":29,"column":49},"end":{"line":32,"column":3}}}},"branchMap":{"0":{"loc":{"start":{"line":13,"column":4},"end":{"line":15,"column":5}},"type":"if","locations":[{"start":{"line":13,"column":4},"end":{"line":15,"column":5}},{"start":{},"end":{}}]},"1":{"loc":{"start":{"line":19,"column":16},"end":{"line":19,"column":80}},"type":"binary-expr","locations":[{"start":{"line":19,"column":16},"end":{"line":19,"column":38}},{"start":{"line":19,"column":42},"end":{"line":19,"column":80}}]},"2":{"loc":{"start":{"line":30,"column":26},"end":{"line":30,"column":73}},"type":"binary-expr","locations":[{"start":{"line":30,"column":26},"end":{"line":30,"column":67}},{"start":{"line":30,"column":71},"end":{"line":30,"column":73}}]},"3":{"loc":{"start":{"line":31,"column":11},"end":{"line":31,"column":48}},"type":"cond-expr","locations":[{"start":{"line":31,"column":31},"end":{"line":31,"column":36}},{"start":{"line":31,"column":39},"end":{"line":31,"column":48}}]},"4":{"loc":{"start":{"line":7,"column":34},"end":{"line":7,"column":47}},"type":"cond-expr","locations":[{"start":{"line":7,"column":44},"end":{"line":7,"column":47}},{"start":{"line":7,"column":44},"end":{"line":7,"column":47}}]},"5":{"loc":{"start":{"line":7,"column":34},"end":{"line":7,"column":44}},"type":"binary-expr","locations":[{"start":{"line":7,"column":34},"end":{"line":7,"column":47}},{"start":{"line":7,"column":34},"end":{"line":7,"column":44}}]}},"s":{"0":2,"1":2,"2":2,"3":2,"4":0,"5":0,"6":0,"7":0,"8":0,"9":0,"10":0,"11":0,"12":0,"13":0,"14":0,"15":2,"16":2},"f":{"0":2,"1":0,"2":0},"b":{"0":[0,0],"1":[0,0],"2":[0,0],"3":[0,0],"4":[2,0],"5":[2,2]}}
,"C:\\Users\\jeffe\\OneDrive\\Documentos\\projects\\eventhub\\backend\\src\\categories\\categories.controller.ts": {"path":"C:\\Users\\jeffe\\OneDrive\\Documentos\\projects\\eventhub\\backend\\src\\categories\\categories.controller.ts","statementMap":{"0":{"start":{"line":1,"column":0},"end":{"line":1,"column":49}},"1":{"start":{"line":2,"column":0},"end":{"line":2,"column":57}},"2":{"start":{"line":5,"column":7},"end":{"line":12,"column":null}},"3":{"start":{"line":6,"column":31},"end":{"line":6,"column":50}},"4":{"start":{"line":10,"column":4},"end":{"line":10,"column":44}},"5":{"start":{"line":5,"column":13},"end":{"line":5,"column":33}},"6":{"start":{"line":9,"column":2},"end":{"line":11,"column":null}},"7":{"start":{"line":5,"column":13},"end":{"line":12,"column":null}}},"fnMap":{"0":{"name":"(anonymous_2)","decl":{"start":{"line":6,"column":2},"end":{"line":6,"column":31}},"loc":{"start":{"line":6,"column":67},"end":{"line":6,"column":71}}},"1":{"name":"(anonymous_3)","decl":{"start":{"line":9,"column":2},"end":{"line":9,"column":9}},"loc":{"start":{"line":9,"column":9},"end":{"line":11,"column":3}}}},"branchMap":{"0":{"loc":{"start":{"line":6,"column":50},"end":{"line":6,"column":70}},"type":"cond-expr","locations":[{"start":{"line":6,"column":67},"end":{"line":6,"column":70}},{"start":{"line":6,"column":67},"end":{"line":6,"column":70}}]},"1":{"loc":{"start":{"line":6,"column":50},"end":{"line":6,"column":67}},"type":"binary-expr","locations":[{"start":{"line":6,"column":50},"end":{"line":6,"column":70}},{"start":{"line":6,"column":50},"end":{"line":6,"column":67}}]}},"s":{"0":0,"1":0,"2":0,"3":0,"4":0,"5":0,"6":0,"7":0},"f":{"0":0,"1":0},"b":{"0":[0,0],"1":[0,0]}}
,"C:\\Users\\jeffe\\OneDrive\\Documentos\\projects\\eventhub\\backend\\src\\categories\\categories.module.ts": {"path":"C:\\Users\\jeffe\\OneDrive\\Documentos\\projects\\eventhub\\backend\\src\\categories\\categories.module.ts","statementMap":{"0":{"start":{"line":1,"column":0},"end":{"line":1,"column":40}},"1":{"start":{"line":2,"column":0},"end":{"line":2,"column":63}},"2":{"start":{"line":3,"column":0},"end":{"line":3,"column":57}},"3":{"start":{"line":9,"column":7},"end":{"line":9,"column":null}},"4":{"start":{"line":9,"column":13},"end":{"line":9,"column":29}},"5":{"start":{"line":9,"column":13},"end":{"line":9,"column":null}}},"fnMap":{},"branchMap":{},"s":{"0":0,"1":0,"2":0,"3":0,"4":0,"5":0},"f":{},"b":{}}
,"C:\\Users\\jeffe\\OneDrive\\Documentos\\projects\\eventhub\\backend\\src\\categories\\categories.service.ts": {"path":"C:\\Users\\jeffe\\OneDrive\\Documentos\\projects\\eventhub\\backend\\src\\categories\\categories.service.ts","statementMap":{"0":{"start":{"line":1,"column":0},"end":{"line":1,"column":44}},"1":{"start":{"line":4,"column":7},"end":{"line":29,"column":null}},"2":{"start":{"line":5,"column":32},"end":{"line":24,"column":4}},"3":{"start":{"line":27,"column":4},"end":{"line":27,"column":27}},"4":{"start":{"line":4,"column":13},"end":{"line":4,"column":30}},"5":{"start":{"line":4,"column":13},"end":{"line":29,"column":null}}},"fnMap":{"0":{"name":"(anonymous_1)","decl":{"start":{"line":26,"column":2},"end":{"line":26,"column":9}},"loc":{"start":{"line":26,"column":9},"end":{"line":28,"column":3}}}},"branchMap":{},"s":{"0":1,"1":1,"2":1,"3":1,"4":1,"5":1},"f":{"0":1},"b":{}}
,"C:\\Users\\jeffe\\OneDrive\\Documentos\\projects\\eventhub\\backend\\src\\events\\events.controller.ts": {"path":"C:\\Users\\jeffe\\OneDrive\\Documentos\\projects\\eventhub\\backend\\src\\events\\events.controller.ts","statementMap":{"0":{"start":{"line":1,"column":0},"end":{"line":1,"column":113}},"1":{"start":{"line":2,"column":0},"end":{"line":2,"column":49}},"2":{"start":{"line":3,"column":0},"end":{"line":3,"column":56}},"3":{"start":{"line":4,"column":0},"end":{"line":4,"column":56}},"4":{"start":{"line":5,"column":0},"end":{"line":5,"column":61}},"5":{"start":{"line":8,"column":7},"end":{"line":48,"column":null}},"6":{"start":{"line":9,"column":31},"end":{"line":9,"column":46}},"7":{"start":{"line":14,"column":24},"end":{"line":14,"column":36}},"8":{"start":{"line":15,"column":4},"end":{"line":15,"column":66}},"9":{"start":{"line":20,"column":4},"end":{"line":20,"column":40}},"10":{"start":{"line":25,"column":4},"end":{"line":25,"column":45}},"11":{"start":{"line":30,"column":4},"end":{"line":30,"column":42}},"12":{"start":{"line":36,"column":4},"end":{"line":36,"column":64}},"13":{"start":{"line":41,"column":4},"end":{"line":41,"column":57}},"14":{"start":{"line":46,"column":4},"end":{"line":46,"column":41}},"15":{"start":{"line":8,"column":13},"end":{"line":8,"column":29}},"16":{"start":{"line":13,"column":2},"end":{"line":16,"column":null}},"17":{"start":{"line":19,"column":2},"end":{"line":21,"column":null}},"18":{"start":{"line":24,"column":2},"end":{"line":26,"column":null}},"19":{"start":{"line":29,"column":2},"end":{"line":31,"column":null}},"20":{"start":{"line":35,"column":2},"end":{"line":37,"column":null}},"21":{"start":{"line":40,"column":2},"end":{"line":42,"column":null}},"22":{"start":{"line":45,"column":2},"end":{"line":47,"column":null}},"23":{"start":{"line":8,"column":13},"end":{"line":48,"column":null}}},"fnMap":{"0":{"name":"(anonymous_4)","decl":{"start":{"line":9,"column":2},"end":{"line":9,"column":31}},"loc":{"start":{"line":9,"column":59},"end":{"line":9,"column":63}}},"1":{"name":"(anonymous_5)","decl":{"start":{"line":13,"column":2},"end":{"line":13,"column":8}},"loc":{"start":{"line":13,"column":64},"end":{"line":16,"column":3}}},"2":{"name":"(anonymous_6)","decl":{"start":{"line":19,"column":2},"end":{"line":19,"column":9}},"loc":{"start":{"line":19,"column":9},"end":{"line":21,"column":3}}},"3":{"name":"(anonymous_7)","decl":{"start":{"line":24,"column":2},"end":{"line":24,"column":14}},"loc":{"start":{"line":24,"column":14},"end":{"line":26,"column":3}}},"4":{"name":"(anonymous_8)","decl":{"start":{"line":29,"column":2},"end":{"line":29,"column":9}},"loc":{"start":{"line":29,"column":47},"end":{"line":31,"column":3}}},"5":{"name":"(anonymous_9)","decl":{"start":{"line":35,"column":2},"end":{"line":35,"column":17}},"loc":{"start":{"line":35,"column":72},"end":{"line":37,"column":3}}},"6":{"name":"(anonymous_10)","decl":{"start":{"line":40,"column":2},"end":{"line":40,"column":8}},"loc":{"start":{"line":40,"column":86},"end":{"line":42,"column":3}}},"7":{"name":"(anonymous_11)","decl":{"start":{"line":45,"column":2},"end":{"line":45,"column":8}},"loc":{"start":{"line":45,"column":46},"end":{"line":47,"column":3}}}},"branchMap":{"0":{"loc":{"start":{"line":13,"column":33},"end":{"line":13,"column":50}},"type":"cond-expr","locations":[{"start":{"line":13,"column":47},"end":{"line":13,"column":50}},{"start":{"line":13,"column":47},"end":{"line":13,"column":50}}]},"1":{"loc":{"start":{"line":13,"column":33},"end":{"line":13,"column":47}},"type":"binary-expr","locations":[{"start":{"line":13,"column":33},"end":{"line":13,"column":50}},{"start":{"line":13,"column":33},"end":{"line":13,"column":47}}]},"2":{"loc":{"start":{"line":40,"column":72},"end":{"line":40,"column":null}},"type":"cond-expr","locations":[{"start":{"line":40,"column":86},"end":{"line":40,"column":null}},{"start":{"line":40,"column":86},"end":{"line":40,"column":null}}]},"3":{"loc":{"start":{"line":40,"column":72},"end":{"line":40,"column":86}},"type":"binary-expr","locations":[{"start":{"line":40,"column":72},"end":{"line":40,"column":null}},{"start":{"line":40,"column":72},"end":{"line":40,"column":86}}]},"4":{"loc":{"start":{"line":9,"column":46},"end":{"line":9,"column":62}},"type":"cond-expr","locations":[{"start":{"line":9,"column":59},"end":{"line":9,"column":62}},{"start":{"line":9,"column":59},"end":{"line":9,"column":62}}]},"5":{"loc":{"start":{"line":9,"column":46},"end":{"line":9,"column":59}},"type":"binary-expr","locations":[{"start":{"line":9,"column":46},"end":{"line":9,"column":62}},{"start":{"line":9,"column":46},"end":{"line":9,"column":59}}]}},"s":{"0":1,"1":1,"2":1,"3":1,"4":1,"5":1,"6":1,"7":0,"8":0,"9":0,"10":0,"11":0,"12":0,"13":0,"14":0,"15":1,"16":1,"17":1,"18":1,"19":1,"20":1,"21":1,"22":1,"23":1},"f":{"0":1,"1":0,"2":0,"3":0,"4":0,"5":0,"6":0,"7":0},"b":{"0":[1,0],"1":[1,1],"2":[1,0],"3":[1,1],"4":[1,0],"5":[1,1]}}
,"C:\\Users\\jeffe\\OneDrive\\Documentos\\projects\\eventhub\\backend\\src\\events\\events.module.ts": {"path":"C:\\Users\\jeffe\\OneDrive\\Documentos\\projects\\eventhub\\backend\\src\\events\\events.module.ts","statementMap":{"0":{"start":{"line":1,"column":0},"end":{"line":1,"column":40}},"1":{"start":{"line":2,"column":0},"end":{"line":2,"column":49}},"2":{"start":{"line":3,"column":0},"end":{"line":3,"column":55}},"3":{"start":{"line":4,"column":0},"end":{"line":4,"column":55}},"4":{"start":{"line":11,"column":7},"end":{"line":11,"column":null}},"5":{"start":{"line":11,"column":13},"end":{"line":11,"column":25}},"6":{"start":{"line":11,"column":13},"end":{"line":11,"column":null}}},"fnMap":{},"branchMap":{},"s":{"0":0,"1":0,"2":0,"3":0,"4":0,"5":0,"6":0},"f":{},"b":{}}
,"C:\\Users\\jeffe\\OneDrive\\Documentos\\projects\\eventhub\\backend\\src\\events\\events.repository.ts": {"path":"C:\\Users\\jeffe\\OneDrive\\Documentos\\projects\\eventhub\\backend\\src\\events\\events.repository.ts","statementMap":{"0":{"start":{"line":1,"column":0},"end":{"line":1,"column":44}},"1":{"start":{"line":2,"column":0},"end":{"line":2,"column":57}},"2":{"start":{"line":5,"column":23},"end":{"line":8,"column":2}},"3":{"start":{"line":11,"column":7},"end":{"line":90,"column":null}},"4":{"start":{"line":12,"column":22},"end":{"line":12,"column":30}},"5":{"start":{"line":15,"column":4},"end":{"line":15,"column":71}},"6":{"start":{"line":19,"column":4},"end":{"line":19,"column":67}},"7":{"start":{"line":23,"column":4},"end":{"line":26,"column":7}},"8":{"start":{"line":30,"column":4},"end":{"line":34,"column":7}},"9":{"start":{"line":38,"column":4},"end":{"line":41,"column":7}},"10":{"start":{"line":45,"column":4},"end":{"line":48,"column":7}},"11":{"start":{"line":52,"column":4},"end":{"line":55,"column":7}},"12":{"start":{"line":59,"column":4},"end":{"line":65,"column":7}},"13":{"start":{"line":69,"column":4},"end":{"line":73,"column":7}},"14":{"start":{"line":77,"column":4},"end":{"line":81,"column":7}},"15":{"start":{"line":85,"column":4},"end":{"line":88,"column":7}},"16":{"start":{"line":11,"column":13},"end":{"line":11,"column":29}},"17":{"start":{"line":11,"column":13},"end":{"line":90,"column":null}}},"fnMap":{"0":{"name":"(anonymous_2)","decl":{"start":{"line":12,"column":2},"end":{"line":12,"column":22}},"loc":{"start":{"line":12,"column":43},"end":{"line":12,"column":47}}},"1":{"name":"(anonymous_3)","decl":{"start":{"line":14,"column":2},"end":{"line":14,"column":7}},"loc":{"start":{"line":14,"column":44},"end":{"line":16,"column":3}}},"2":{"name":"(anonymous_4)","decl":{"start":{"line":18,"column":2},"end":{"line":18,"column":7}},"loc":{"start":{"line":18,"column":15},"end":{"line":20,"column":3}}},"3":{"name":"(anonymous_5)","decl":{"start":{"line":22,"column":2},"end":{"line":22,"column":7}},"loc":{"start":{"line":22,"column":20},"end":{"line":27,"column":3}}},"4":{"name":"(anonymous_6)","decl":{"start":{"line":29,"column":2},"end":{"line":29,"column":7}},"loc":{"start":{"line":29,"column":28},"end":{"line":35,"column":3}}},"5":{"name":"(anonymous_7)","decl":{"start":{"line":37,"column":2},"end":{"line":37,"column":7}},"loc":{"start":{"line":37,"column":27},"end":{"line":42,"column":3}}},"6":{"name":"(anonymous_8)","decl":{"start":{"line":44,"column":2},"end":{"line":44,"column":7}},"loc":{"start":{"line":44,"column":45},"end":{"line":49,"column":3}}},"7":{"name":"(anonymous_9)","decl":{"start":{"line":51,"column":2},"end":{"line":51,"column":7}},"loc":{"start":{"line":51,"column":44},"end":{"line":56,"column":3}}},"8":{"name":"(anonymous_10)","decl":{"start":{"line":58,"column":2},"end":{"line":58,"column":7}},"loc":{"start":{"line":58,"column":48},"end":{"line":66,"column":3}}},"9":{"name":"(anonymous_11)","decl":{"start":{"line":68,"column":2},"end":{"line":68,"column":7}},"loc":{"start":{"line":68,"column":55},"end":{"line":74,"column":3}}},"10":{"name":"(anonymous_12)","decl":{"start":{"line":76,"column":2},"end":{"line":76,"column":7}},"loc":{"start":{"line":76,"column":56},"end":{"line":82,"column":3}}},"11":{"name":"(anonymous_13)","decl":{"start":{"line":84,"column":2},"end":{"line":84,"column":7}},"loc":{"start":{"line":84,"column":25},"end":{"line":89,"column":3}}}},"branchMap":{"0":{"loc":{"start":{"line":29,"column":19},"end":{"line":29,"column":28}},"type":"default-arg","locations":[{"start":{"line":29,"column":27},"end":{"line":29,"column":28}}]},"1":{"loc":{"start":{"line":12,"column":30},"end":{"line":12,"column":46}},"type":"cond-expr","locations":[{"start":{"line":12,"column":43},"end":{"line":12,"column":46}},{"start":{"line":12,"column":43},"end":{"line":12,"column":46}}]},"2":{"loc":{"start":{"line":12,"column":30},"end":{"line":12,"column":43}},"type":"binary-expr","locations":[{"start":{"line":12,"column":30},"end":{"line":12,"column":46}},{"start":{"line":12,"column":30},"end":{"line":12,"column":43}}]}},"s":{"0":4,"1":4,"2":4,"3":4,"4":0,"5":0,"6":0,"7":0,"8":0,"9":0,"10":0,"11":0,"12":0,"13":0,"14":0,"15":0,"16":4,"17":4},"f":{"0":0,"1":0,"2":0,"3":0,"4":0,"5":0,"6":0,"7":0,"8":0,"9":0,"10":0,"11":0},"b":{"0":[0],"1":[4,0],"2":[4,4]}}
,"C:\\Users\\jeffe\\OneDrive\\Documentos\\projects\\eventhub\\backend\\src\\events\\events.service.ts": {"path":"C:\\Users\\jeffe\\OneDrive\\Documentos\\projects\\eventhub\\backend\\src\\events\\events.service.ts","statementMap":{"0":{"start":{"line":1,"column":0},"end":{"line":1,"column":63}},"1":{"start":{"line":4,"column":0},"end":{"line":4,"column":55}},"2":{"start":{"line":7,"column":7},"end":{"line":96,"column":null}},"3":{"start":{"line":8,"column":22},"end":{"line":8,"column":40}},"4":{"start":{"line":11,"column":41},"end":{"line":11,"column":55}},"5":{"start":{"line":13,"column":18},"end":{"line":17,"column":6}},"6":{"start":{"line":19,"column":4},"end":{"line":19,"column":38}},"7":{"start":{"line":23,"column":19},"end":{"line":23,"column":56}},"8":{"start":{"line":24,"column":4},"end":{"line":24,"column":40}},"9":{"start":{"line":28,"column":19},"end":{"line":28,"column":61}},"10":{"start":{"line":29,"column":4},"end":{"line":29,"column":40}},"11":{"start":{"line":33,"column":19},"end":{"line":33,"column":59}},"12":{"start":{"line":34,"column":4},"end":{"line":34,"column":40}},"13":{"start":{"line":38,"column":19},"end":{"line":38,"column":77}},"14":{"start":{"line":39,"column":4},"end":{"line":39,"column":40}},"15":{"start":{"line":43,"column":19},"end":{"line":43,"column":76}},"16":{"start":{"line":44,"column":4},"end":{"line":44,"column":40}},"17":{"start":{"line":48,"column":19},"end":{"line":48,"column":80}},"18":{"start":{"line":49,"column":4},"end":{"line":49,"column":40}},"19":{"start":{"line":53,"column":18},"end":{"line":53,"column":58}},"20":{"start":{"line":54,"column":4},"end":{"line":56,"column":5}},"21":{"start":{"line":55,"column":6},"end":{"line":55,"column":72}},"22":{"start":{"line":57,"column":4},"end":{"line":57,"column":38}},"23":{"start":{"line":61,"column":4},"end":{"line":61,"column":32}},"24":{"start":{"line":62,"column":18},"end":{"line":62,"column":78}},"25":{"start":{"line":63,"column":4},"end":{"line":63,"column":38}},"26":{"start":{"line":67,"column":4},"end":{"line":67,"column":27}},"27":{"start":{"line":68,"column":18},"end":{"line":68,"column":72}},"28":{"start":{"line":69,"column":4},"end":{"line":69,"column":38}},"29":{"start":{"line":73,"column":4},"end":{"line":73,"column":27}},"30":{"start":{"line":74,"column":18},"end":{"line":74,"column":56}},"31":{"start":{"line":75,"column":4},"end":{"line":75,"column":38}},"32":{"start":{"line":79,"column":4},"end":{"line":79,"column":61}},"33":{"start":{"line":79,"column":33},"end":{"line":79,"column":59}},"34":{"start":{"line":83,"column":51},"end":{"line":83,"column":56}},"35":{"start":{"line":84,"column":23},"end":{"line":84,"column":34}},"36":{"start":{"line":86,"column":4},"end":{"line":88,"column":5}},"37":{"start":{"line":87,"column":6},"end":{"line":87,"column":95}},"38":{"start":{"line":90,"column":4},"end":{"line":92,"column":5}},"39":{"start":{"line":91,"column":6},"end":{"line":91,"column":87}},"40":{"start":{"line":94,"column":4},"end":{"line":94,"column":22}},"41":{"start":{"line":7,"column":13},"end":{"line":7,"column":26}},"42":{"start":{"line":7,"column":13},"end":{"line":96,"column":null}}},"fnMap":{"0":{"name":"(anonymous_2)","decl":{"start":{"line":8,"column":2},"end":{"line":8,"column":22}},"loc":{"start":{"line":8,"column":56},"end":{"line":8,"column":60}}},"1":{"name":"(anonymous_3)","decl":{"start":{"line":10,"column":2},"end":{"line":10,"column":7}},"loc":{"start":{"line":10,"column":66},"end":{"line":20,"column":3}}},"2":{"name":"(anonymous_4)","decl":{"start":{"line":22,"column":2},"end":{"line":22,"column":7}},"loc":{"start":{"line":22,"column":15},"end":{"line":25,"column":3}}},"3":{"name":"(anonymous_5)","decl":{"start":{"line":27,"column":2},"end":{"line":27,"column":7}},"loc":{"start":{"line":27,"column":20},"end":{"line":30,"column":3}}},"4":{"name":"(anonymous_6)","decl":{"start":{"line":32,"column":2},"end":{"line":32,"column":7}},"loc":{"start":{"line":32,"column":18},"end":{"line":35,"column":3}}},"5":{"name":"(anonymous_7)","decl":{"start":{"line":37,"column":2},"end":{"line":37,"column":7}},"loc":{"start":{"line":37,"column":43},"end":{"line":40,"column":3}}},"6":{"name":"(anonymous_8)","decl":{"start":{"line":42,"column":2},"end":{"line":42,"column":7}},"loc":{"start":{"line":42,"column":42},"end":{"line":45,"column":3}}},"7":{"name":"(anonymous_9)","decl":{"start":{"line":47,"column":2},"end":{"line":47,"column":7}},"loc":{"start":{"line":47,"column":46},"end":{"line":50,"column":3}}},"8":{"name":"(anonymous_10)","decl":{"start":{"line":52,"column":2},"end":{"line":52,"column":7}},"loc":{"start":{"line":52,"column":26},"end":{"line":58,"column":3}}},"9":{"name":"(anonymous_11)","decl":{"start":{"line":60,"column":2},"end":{"line":60,"column":7}},"loc":{"start":{"line":60,"column":55},"end":{"line":64,"column":3}}},"10":{"name":"(anonymous_12)","decl":{"start":{"line":66,"column":2},"end":{"line":66,"column":7}},"loc":{"start":{"line":66,"column":57},"end":{"line":70,"column":3}}},"11":{"name":"(anonymous_13)","decl":{"start":{"line":72,"column":2},"end":{"line":72,"column":7}},"loc":{"start":{"line":72,"column":25},"end":{"line":76,"column":3}}},"12":{"name":"(anonymous_14)","decl":{"start":{"line":78,"column":10},"end":{"line":78,"column":25}},"loc":{"start":{"line":78,"column":39},"end":{"line":80,"column":3}}},"13":{"name":"(anonymous_15)","decl":{"start":{"line":79,"column":22},"end":{"line":79,"column":23}},"loc":{"start":{"line":79,"column":33},"end":{"line":79,"column":59}}},"14":{"name":"(anonymous_16)","decl":{"start":{"line":82,"column":10},"end":{"line":82,"column":24}},"loc":{"start":{"line":82,"column":35},"end":{"line":95,"column":3}}}},"branchMap":{"0":{"loc":{"start":{"line":15,"column":19},"end":{"line":15,"column":36}},"type":"binary-expr","locations":[{"start":{"line":15,"column":19},"end":{"line":15,"column":30}},{"start":{"line":15,"column":34},"end":{"line":15,"column":36}}]},"1":{"loc":{"start":{"line":54,"column":4},"end":{"line":56,"column":5}},"type":"if","locations":[{"start":{"line":54,"column":4},"end":{"line":56,"column":5}},{"start":{},"end":{}}]},"2":{"loc":{"start":{"line":86,"column":4},"end":{"line":88,"column":5}},"type":"if","locations":[{"start":{"line":86,"column":4},"end":{"line":88,"column":5}},{"start":{},"end":{}}]},"3":{"loc":{"start":{"line":87,"column":29},"end":{"line":87,"column":94}},"type":"cond-expr","locations":[{"start":{"line":87,"column":61},"end":{"line":87,"column":70}},{"start":{"line":87,"column":73},"end":{"line":87,"column":94}}]},"4":{"loc":{"start":{"line":87,"column":73},"end":{"line":87,"column":94}},"type":"binary-expr","locations":[{"start":{"line":87,"column":73},"end":{"line":87,"column":88}},{"start":{"line":87,"column":92},"end":{"line":87,"column":94}}]},"5":{"loc":{"start":{"line":90,"column":4},"end":{"line":92,"column":5}},"type":"if","locations":[{"start":{"line":90,"column":4},"end":{"line":92,"column":5}},{"start":{},"end":{}}]},"6":{"loc":{"start":{"line":91,"column":29},"end":{"line":91,"column":86}},"type":"cond-expr","locations":[{"start":{"line":91,"column":61},"end":{"line":91,"column":82}},{"start":{"line":91,"column":85},"end":{"line":91,"column":86}}]},"7":{"loc":{"start":{"line":8,"column":40},"end":{"line":8,"column":59}},"type":"cond-expr","locations":[{"start":{"line":8,"column":56},"end":{"line":8,"column":59}},{"start":{"line":8,"column":56},"end":{"line":8,"column":59}}]},"8":{"loc":{"start":{"line":8,"column":40},"end":{"line":8,"column":56}},"type":"binary-expr","locations":[{"start":{"line":8,"column":40},"end":{"line":8,"column":59}},{"start":{"line":8,"column":40},"end":{"line":8,"column":56}}]}},"s":{"0":4,"1":4,"2":4,"3":14,"4":2,"5":2,"6":2,"7":1,"8":1,"9":1,"10":1,"11":1,"12":1,"13":1,"14":1,"15":1,"16":1,"17":1,"18":1,"19":5,"20":5,"21":1,"22":4,"23":1,"24":1,"25":1,"26":1,"27":1,"28":1,"29":1,"30":1,"31":1,"32":6,"33":7,"34":16,"35":16,"36":16,"37":0,"38":16,"39":0,"40":16,"41":4,"42":4},"f":{"0":14,"1":2,"2":1,"3":1,"4":1,"5":1,"6":1,"7":1,"8":5,"9":1,"10":1,"11":1,"12":6,"13":7,"14":16},"b":{"0":[2,1],"1":[1,4],"2":[0,16],"3":[0,0],"4":[0,0],"5":[0,16],"6":[0,0],"7":[4,0],"8":[4,4]}}
,"C:\\Users\\jeffe\\OneDrive\\Documentos\\projects\\eventhub\\backend\\src\\events\\dto\\create-event.dto.ts": {"path":"C:\\Users\\jeffe\\OneDrive\\Documentos\\projects\\eventhub\\backend\\src\\events\\dto\\create-event.dto.ts","statementMap":{"0":{"start":{"line":1,"column":0},"end":{"line":1,"column":88}},"1":{"start":{"line":3,"column":0},"end":{"line":3,"column":13}},"2":{"start":{"line":6,"column":2},"end":{"line":6,"column":null}},"3":{"start":{"line":10,"column":2},"end":{"line":10,"column":null}},"4":{"start":{"line":14,"column":2},"end":{"line":14,"column":null}},"5":{"start":{"line":18,"column":2},"end":{"line":18,"column":null}},"6":{"start":{"line":22,"column":2},"end":{"line":22,"column":null}},"7":{"start":{"line":26,"column":2},"end":{"line":26,"column":null}},"8":{"start":{"line":30,"column":2},"end":{"line":30,"column":null}},"9":{"start":{"line":34,"column":2},"end":{"line":34,"column":null}},"10":{"start":{"line":38,"column":2},"end":{"line":38,"column":null}},"11":{"start":{"line":42,"column":2},"end":{"line":42,"column":null}}},"fnMap":{},"branchMap":{},"s":{"0":1,"1":1,"2":1,"3":1,"4":1,"5":1,"6":1,"7":1,"8":1,"9":1,"10":1,"11":1},"f":{},"b":{}}
,"C:\\Users\\jeffe\\OneDrive\\Documentos\\projects\\eventhub\\backend\\src\\events\\dto\\update-event.dto.ts": {"path":"C:\\Users\\jeffe\\OneDrive\\Documentos\\projects\\eventhub\\backend\\src\\events\\dto\\update-event.dto.ts","statementMap":{"0":{"start":{"line":1,"column":0},"end":{"line":1,"column":51}},"1":{"start":{"line":2,"column":0},"end":{"line":2,"column":52}},"2":{"start":{"line":4,"column":0},"end":{"line":4,"column":13}}},"fnMap":{},"branchMap":{},"s":{"0":1,"1":1,"2":1},"f":{},"b":{}}
,"C:\\Users\\jeffe\\OneDrive\\Documentos\\projects\\eventhub\\backend\\src\\events\\entities\\event.entity.ts": {"path":"C:\\Users\\jeffe\\OneDrive\\Documentos\\projects\\eventhub\\backend\\src\\events\\entities\\event.entity.ts","statementMap":{"0":{"start":{"line":1,"column":0},"end":{"line":1,"column":13}}},"fnMap":{},"branchMap":{},"s":{"0":0},"f":{},"b":{}}
,"C:\\Users\\jeffe\\OneDrive\\Documentos\\projects\\eventhub\\backend\\src\\prisma\\prisma.module.ts": {"path":"C:\\Users\\jeffe\\OneDrive\\Documentos\\projects\\eventhub\\backend\\src\\prisma\\prisma.module.ts","statementMap":{"0":{"start":{"line":1,"column":0},"end":{"line":1,"column":48}},"1":{"start":{"line":2,"column":0},"end":{"line":2,"column":49}},"2":{"start":{"line":9,"column":7},"end":{"line":9,"column":null}},"3":{"start":{"line":9,"column":13},"end":{"line":9,"column":25}},"4":{"start":{"line":9,"column":13},"end":{"line":9,"column":null}}},"fnMap":{},"branchMap":{},"s":{"0":0,"1":0,"2":0,"3":0,"4":0},"f":{},"b":{}}
,"C:\\Users\\jeffe\\OneDrive\\Documentos\\projects\\eventhub\\backend\\src\\prisma\\prisma.service.ts": {"path":"C:\\Users\\jeffe\\OneDrive\\Documentos\\projects\\eventhub\\backend\\src\\prisma\\prisma.service.ts","statementMap":{"0":{"start":{"line":1,"column":0},"end":{"line":1,"column":58}},"1":{"start":{"line":2,"column":0},"end":{"line":2,"column":46}},"2":{"start":{"line":3,"column":0},"end":{"line":3,"column":26}},"3":{"start":{"line":4,"column":0},"end":{"line":4,"column":46}},"4":{"start":{"line":5,"column":0},"end":{"line":5,"column":33}},"5":{"start":{"line":7,"column":0},"end":{"line":7,"column":16}},"6":{"start":{"line":10,"column":7},"end":{"line":26,"column":null}},"7":{"start":{"line":12,"column":29},"end":{"line":12,"column":53}},"8":{"start":{"line":13,"column":17},"end":{"line":18,"column":6}},"9":{"start":{"line":19,"column":20},"end":{"line":19,"column":38}},"10":{"start":{"line":20,"column":4},"end":{"line":20,"column":23}},"11":{"start":{"line":24,"column":4},"end":{"line":24,"column":26}},"12":{"start":{"line":10,"column":13},"end":{"line":10,"column":26}},"13":{"start":{"line":10,"column":13},"end":{"line":26,"column":null}}},"fnMap":{"0":{"name":"(anonymous_11)","decl":{"start":{"line":11,"column":2},"end":{"line":11,"column":null}},"loc":{"start":{"line":11,"column":2},"end":{"line":21,"column":3}}},"1":{"name":"(anonymous_12)","decl":{"start":{"line":23,"column":2},"end":{"line":23,"column":7}},"loc":{"start":{"line":23,"column":20},"end":{"line":25,"column":3}}}},"branchMap":{"0":{"loc":{"start":{"line":15,"column":11},"end":{"line":17,"column":19}},"type":"cond-expr","locations":[{"start":{"line":16,"column":10},"end":{"line":16,"column":39}},{"start":{"line":17,"column":10},"end":{"line":17,"column":19}}]}},"s":{"0":8,"1":8,"2":8,"3":8,"4":8,"5":8,"6":8,"7":1,"8":1,"9":1,"10":1,"11":0,"12":8,"13":8},"f":{"0":1,"1":0},"b":{"0":[1,0]}}
,"C:\\Users\\jeffe\\OneDrive\\Documentos\\projects\\eventhub\\backend\\src\\users\\users.controller.ts": {"path":"C:\\Users\\jeffe\\OneDrive\\Documentos\\projects\\eventhub\\backend\\src\\users\\users.controller.ts","statementMap":{"0":{"start":{"line":1,"column":0},"end":{"line":1,"column":113}},"1":{"start":{"line":2,"column":0},"end":{"line":2,"column":47}},"2":{"start":{"line":3,"column":0},"end":{"line":3,"column":54}},"3":{"start":{"line":4,"column":0},"end":{"line":4,"column":54}},"4":{"start":{"line":5,"column":0},"end":{"line":5,"column":61}},"5":{"start":{"line":6,"column":0},"end":{"line":6,"column":57}},"6":{"start":{"line":9,"column":7},"end":{"line":68,"column":null}},"7":{"start":{"line":11,"column":21},"end":{"line":11,"column":35}},"8":{"start":{"line":12,"column":21},"end":{"line":12,"column":36}},"9":{"start":{"line":17,"column":4},"end":{"line":17,"column":51}},"10":{"start":{"line":22,"column":4},"end":{"line":22,"column":39}},"11":{"start":{"line":28,"column":4},"end":{"line":28,"column":51}},"12":{"start":{"line":34,"column":4},"end":{"line":34,"column":65}},"13":{"start":{"line":40,"column":4},"end":{"line":40,"column":64}},"14":{"start":{"line":46,"column":4},"end":{"line":46,"column":68}},"15":{"start":{"line":51,"column":4},"end":{"line":51,"column":50}},"16":{"start":{"line":56,"column":4},"end":{"line":56,"column":41}},"17":{"start":{"line":61,"column":4},"end":{"line":61,"column":55}},"18":{"start":{"line":66,"column":4},"end":{"line":66,"column":40}},"19":{"start":{"line":9,"column":13},"end":{"line":9,"column":28}},"20":{"start":{"line":16,"column":2},"end":{"line":18,"column":null}},"21":{"start":{"line":21,"column":2},"end":{"line":23,"column":null}},"22":{"start":{"line":27,"column":2},"end":{"line":29,"column":null}},"23":{"start":{"line":33,"column":2},"end":{"line":35,"column":null}},"24":{"start":{"line":39,"column":2},"end":{"line":41,"column":null}},"25":{"start":{"line":45,"column":2},"end":{"line":47,"column":null}},"26":{"start":{"line":50,"column":2},"end":{"line":52,"column":null}},"27":{"start":{"line":55,"column":8},"end":{"line":57,"column":null}},"28":{"start":{"line":60,"column":2},"end":{"line":62,"column":null}},"29":{"start":{"line":65,"column":2},"end":{"line":67,"column":null}},"30":{"start":{"line":9,"column":13},"end":{"line":68,"column":null}}},"fnMap":{"0":{"name":"(anonymous_4)","decl":{"start":{"line":10,"column":2},"end":{"line":10,"column":null}},"loc":{"start":{"line":12,"column":49},"end":{"line":13,"column":6}}},"1":{"name":"(anonymous_5)","decl":{"start":{"line":16,"column":2},"end":{"line":16,"column":8}},"loc":{"start":{"line":16,"column":45},"end":{"line":18,"column":3}}},"2":{"name":"(anonymous_6)","decl":{"start":{"line":21,"column":2},"end":{"line":21,"column":9}},"loc":{"start":{"line":21,"column":9},"end":{"line":23,"column":3}}},"3":{"name":"(anonymous_7)","decl":{"start":{"line":27,"column":2},"end":{"line":27,"column":8}},"loc":{"start":{"line":27,"column":24},"end":{"line":29,"column":3}}},"4":{"name":"(anonymous_8)","decl":{"start":{"line":33,"column":2},"end":{"line":33,"column":10}},"loc":{"start":{"line":33,"column":64},"end":{"line":35,"column":3}}},"5":{"name":"(anonymous_9)","decl":{"start":{"line":39,"column":2},"end":{"line":39,"column":23}},"loc":{"start":{"line":39,"column":39},"end":{"line":41,"column":3}}},"6":{"name":"(anonymous_10)","decl":{"start":{"line":45,"column":2},"end":{"line":45,"column":18}},"loc":{"start":{"line":45,"column":34},"end":{"line":47,"column":3}}},"7":{"name":"(anonymous_11)","decl":{"start":{"line":50,"column":2},"end":{"line":50,"column":21}},"loc":{"start":{"line":50,"column":59},"end":{"line":52,"column":3}}},"8":{"name":"(anonymous_12)","decl":{"start":{"line":55,"column":8},"end":{"line":55,"column":15}},"loc":{"start":{"line":55,"column":53},"end":{"line":57,"column":3}}},"9":{"name":"(anonymous_13)","decl":{"start":{"line":60,"column":2},"end":{"line":60,"column":8}},"loc":{"start":{"line":60,"column":84},"end":{"line":62,"column":3}}},"10":{"name":"(anonymous_14)","decl":{"start":{"line":65,"column":2},"end":{"line":65,"column":8}},"loc":{"start":{"line":65,"column":46},"end":{"line":67,"column":3}}}},"branchMap":{"0":{"loc":{"start":{"line":16,"column":32},"end":{"line":16,"column":null}},"type":"cond-expr","locations":[{"start":{"line":16,"column":45},"end":{"line":16,"column":null}},{"start":{"line":16,"column":45},"end":{"line":16,"column":null}}]},"1":{"loc":{"start":{"line":16,"column":32},"end":{"line":16,"column":45}},"type":"binary-expr","locations":[{"start":{"line":16,"column":32},"end":{"line":16,"column":null}},{"start":{"line":16,"column":32},"end":{"line":16,"column":45}}]},"2":{"loc":{"start":{"line":33,"column":51},"end":{"line":33,"column":null}},"type":"cond-expr","locations":[{"start":{"line":33,"column":64},"end":{"line":33,"column":null}},{"start":{"line":33,"column":64},"end":{"line":33,"column":null}}]},"3":{"loc":{"start":{"line":33,"column":51},"end":{"line":33,"column":64}},"type":"binary-expr","locations":[{"start":{"line":33,"column":51},"end":{"line":33,"column":null}},{"start":{"line":33,"column":51},"end":{"line":33,"column":64}}]},"4":{"loc":{"start":{"line":60,"column":71},"end":{"line":60,"column":null}},"type":"cond-expr","locations":[{"start":{"line":60,"column":84},"end":{"line":60,"column":null}},{"start":{"line":60,"column":84},"end":{"line":60,"column":null}}]},"5":{"loc":{"start":{"line":60,"column":71},"end":{"line":60,"column":84}},"type":"binary-expr","locations":[{"start":{"line":60,"column":71},"end":{"line":60,"column":null}},{"start":{"line":60,"column":71},"end":{"line":60,"column":84}}]},"6":{"loc":{"start":{"line":11,"column":35},"end":{"line":11,"column":null}},"type":"cond-expr","locations":[{"start":{"line":11,"column":47},"end":{"line":11,"column":null}},{"start":{"line":11,"column":47},"end":{"line":11,"column":null}}]},"7":{"loc":{"start":{"line":11,"column":35},"end":{"line":11,"column":47}},"type":"binary-expr","locations":[{"start":{"line":11,"column":35},"end":{"line":11,"column":null}},{"start":{"line":11,"column":35},"end":{"line":11,"column":47}}]},"8":{"loc":{"start":{"line":11,"column":47},"end":{"line":12,"column":null}},"type":"cond-expr","locations":[{"start":{"line":12,"column":49},"end":{"line":12,"column":null}},{"start":{"line":12,"column":49},"end":{"line":12,"column":null}}]},"9":{"loc":{"start":{"line":11,"column":47},"end":{"line":12,"column":49}},"type":"binary-expr","locations":[{"start":{"line":11,"column":47},"end":{"line":12,"column":null}},{"start":{"line":12,"column":36},"end":{"line":12,"column":49}}]}},"s":{"0":1,"1":1,"2":1,"3":1,"4":1,"5":1,"6":1,"7":1,"8":1,"9":0,"10":0,"11":0,"12":0,"13":0,"14":0,"15":0,"16":0,"17":0,"18":0,"19":1,"20":1,"21":1,"22":1,"23":1,"24":1,"25":1,"26":1,"27":1,"28":1,"29":1,"30":1},"f":{"0":1,"1":0,"2":0,"3":0,"4":0,"5":0,"6":0,"7":0,"8":0,"9":0,"10":0},"b":{"0":[1,0],"1":[1,1],"2":[1,0],"3":[1,1],"4":[1,0],"5":[1,1],"6":[1,0],"7":[1,1],"8":[1,0],"9":[1,1]}}
,"C:\\Users\\jeffe\\OneDrive\\Documentos\\projects\\eventhub\\backend\\src\\users\\users.module.ts": {"path":"C:\\Users\\jeffe\\OneDrive\\Documentos\\projects\\eventhub\\backend\\src\\users\\users.module.ts","statementMap":{"0":{"start":{"line":1,"column":0},"end":{"line":1,"column":40}},"1":{"start":{"line":2,"column":0},"end":{"line":2,"column":47}},"2":{"start":{"line":3,"column":0},"end":{"line":3,"column":53}},"3":{"start":{"line":4,"column":0},"end":{"line":4,"column":53}},"4":{"start":{"line":5,"column":0},"end":{"line":5,"column":55}},"5":{"start":{"line":13,"column":7},"end":{"line":13,"column":null}},"6":{"start":{"line":13,"column":13},"end":{"line":13,"column":24}},"7":{"start":{"line":13,"column":13},"end":{"line":13,"column":null}}},"fnMap":{},"branchMap":{},"s":{"0":0,"1":0,"2":0,"3":0,"4":0,"5":0,"6":0,"7":0},"f":{},"b":{}}
,"C:\\Users\\jeffe\\OneDrive\\Documentos\\projects\\eventhub\\backend\\src\\users\\users.repository.ts": {"path":"C:\\Users\\jeffe\\OneDrive\\Documentos\\projects\\eventhub\\backend\\src\\users\\users.repository.ts","statementMap":{"0":{"start":{"line":1,"column":0},"end":{"line":1,"column":44}},"1":{"start":{"line":2,"column":0},"end":{"line":2,"column":57}},"2":{"start":{"line":6,"column":7},"end":{"line":46,"column":null}},"3":{"start":{"line":7,"column":22},"end":{"line":7,"column":30}},"4":{"start":{"line":10,"column":4},"end":{"line":10,"column":45}},"5":{"start":{"line":14,"column":4},"end":{"line":14,"column":39}},"6":{"start":{"line":18,"column":4},"end":{"line":18,"column":58}},"7":{"start":{"line":22,"column":4},"end":{"line":24,"column":7}},"8":{"start":{"line":28,"column":4},"end":{"line":28,"column":36}},"9":{"start":{"line":32,"column":4},"end":{"line":32,"column":68}},"10":{"start":{"line":36,"column":4},"end":{"line":36,"column":60}},"11":{"start":{"line":40,"column":4},"end":{"line":40,"column":54}},"12":{"start":{"line":44,"column":4},"end":{"line":44,"column":61}},"13":{"start":{"line":6,"column":13},"end":{"line":6,"column":28}},"14":{"start":{"line":6,"column":13},"end":{"line":46,"column":null}}},"fnMap":{"0":{"name":"(anonymous_2)","decl":{"start":{"line":7,"column":2},"end":{"line":7,"column":22}},"loc":{"start":{"line":7,"column":43},"end":{"line":7,"column":47}}},"1":{"name":"(anonymous_3)","decl":{"start":{"line":9,"column":2},"end":{"line":9,"column":7}},"loc":{"start":{"line":9,"column":43},"end":{"line":11,"column":3}}},"2":{"name":"(anonymous_4)","decl":{"start":{"line":13,"column":2},"end":{"line":13,"column":7}},"loc":{"start":{"line":13,"column":15},"end":{"line":15,"column":3}}},"3":{"name":"(anonymous_5)","decl":{"start":{"line":17,"column":2},"end":{"line":17,"column":7}},"loc":{"start":{"line":17,"column":27},"end":{"line":19,"column":3}}},"4":{"name":"(anonymous_6)","decl":{"start":{"line":21,"column":2},"end":{"line":21,"column":7}},"loc":{"start":{"line":21,"column":29},"end":{"line":25,"column":3}}},"5":{"name":"(anonymous_7)","decl":{"start":{"line":27,"column":2},"end":{"line":27,"column":7}},"loc":{"start":{"line":27,"column":16},"end":{"line":29,"column":3}}},"6":{"name":"(anonymous_8)","decl":{"start":{"line":31,"column":2},"end":{"line":31,"column":7}},"loc":{"start":{"line":31,"column":23},"end":{"line":33,"column":3}}},"7":{"name":"(anonymous_9)","decl":{"start":{"line":35,"column":2},"end":{"line":35,"column":7}},"loc":{"start":{"line":35,"column":55},"end":{"line":37,"column":3}}},"8":{"name":"(anonymous_10)","decl":{"start":{"line":39,"column":2},"end":{"line":39,"column":7}},"loc":{"start":{"line":39,"column":25},"end":{"line":41,"column":3}}},"9":{"name":"(anonymous_11)","decl":{"start":{"line":43,"column":2},"end":{"line":43,"column":7}},"loc":{"start":{"line":43,"column":33},"end":{"line":45,"column":3}}}},"branchMap":{"0":{"loc":{"start":{"line":7,"column":30},"end":{"line":7,"column":46}},"type":"cond-expr","locations":[{"start":{"line":7,"column":43},"end":{"line":7,"column":46}},{"start":{"line":7,"column":43},"end":{"line":7,"column":46}}]},"1":{"loc":{"start":{"line":7,"column":30},"end":{"line":7,"column":43}},"type":"binary-expr","locations":[{"start":{"line":7,"column":30},"end":{"line":7,"column":46}},{"start":{"line":7,"column":30},"end":{"line":7,"column":43}}]}},"s":{"0":5,"1":5,"2":5,"3":0,"4":0,"5":0,"6":0,"7":0,"8":0,"9":0,"10":0,"11":0,"12":0,"13":5,"14":5},"f":{"0":0,"1":0,"2":0,"3":0,"4":0,"5":0,"6":0,"7":0,"8":0,"9":0},"b":{"0":[5,0],"1":[5,5]}}
,"C:\\Users\\jeffe\\OneDrive\\Documentos\\projects\\eventhub\\backend\\src\\users\\users.service.ts": {"path":"C:\\Users\\jeffe\\OneDrive\\Documentos\\projects\\eventhub\\backend\\src\\users\\users.service.ts","statementMap":{"0":{"start":{"line":1,"column":0},"end":{"line":1,"column":63}},"1":{"start":{"line":4,"column":0},"end":{"line":4,"column":53}},"2":{"start":{"line":5,"column":0},"end":{"line":5,"column":33}},"3":{"start":{"line":8,"column":7},"end":{"line":79,"column":null}},"4":{"start":{"line":9,"column":22},"end":{"line":9,"column":39}},"5":{"start":{"line":12,"column":17},"end":{"line":12,"column":39}},"6":{"start":{"line":13,"column":27},"end":{"line":13,"column":74}},"7":{"start":{"line":14,"column":38},"end":{"line":14,"column":51}},"8":{"start":{"line":16,"column":4},"end":{"line":19,"column":7}},"9":{"start":{"line":23,"column":4},"end":{"line":23,"column":51}},"10":{"start":{"line":27,"column":4},"end":{"line":27,"column":42}},"11":{"start":{"line":31,"column":4},"end":{"line":31,"column":56}},"12":{"start":{"line":35,"column":4},"end":{"line":35,"column":43}},"13":{"start":{"line":39,"column":4},"end":{"line":39,"column":50}},"14":{"start":{"line":43,"column":17},"end":{"line":43,"column":56}},"15":{"start":{"line":44,"column":4},"end":{"line":46,"column":5}},"16":{"start":{"line":45,"column":6},"end":{"line":45,"column":78}},"17":{"start":{"line":47,"column":4},"end":{"line":47,"column":16}},"18":{"start":{"line":51,"column":38},"end":{"line":51,"column":51}},"19":{"start":{"line":53,"column":4},"end":{"line":57,"column":5}},"20":{"start":{"line":54,"column":19},"end":{"line":54,"column":41}},"21":{"start":{"line":55,"column":27},"end":{"line":55,"column":60}},"22":{"start":{"line":56,"column":6},"end":{"line":56,"column":76}},"23":{"start":{"line":59,"column":4},"end":{"line":59,"column":53}},"24":{"start":{"line":63,"column":4},"end":{"line":66,"column":7}},"25":{"start":{"line":70,"column":4},"end":{"line":73,"column":7}},"26":{"start":{"line":77,"column":4},"end":{"line":77,"column":43}},"27":{"start":{"line":8,"column":13},"end":{"line":8,"column":25}},"28":{"start":{"line":8,"column":13},"end":{"line":79,"column":null}}},"fnMap":{"0":{"name":"(anonymous_11)","decl":{"start":{"line":9,"column":2},"end":{"line":9,"column":22}},"loc":{"start":{"line":9,"column":54},"end":{"line":9,"column":58}}},"1":{"name":"(anonymous_12)","decl":{"start":{"line":11,"column":2},"end":{"line":11,"column":7}},"loc":{"start":{"line":11,"column":43},"end":{"line":20,"column":3}}},"2":{"name":"(anonymous_13)","decl":{"start":{"line":22,"column":2},"end":{"line":22,"column":7}},"loc":{"start":{"line":22,"column":33},"end":{"line":24,"column":3}}},"3":{"name":"(anonymous_14)","decl":{"start":{"line":26,"column":2},"end":{"line":26,"column":9}},"loc":{"start":{"line":26,"column":9},"end":{"line":28,"column":3}}},"4":{"name":"(anonymous_15)","decl":{"start":{"line":30,"column":2},"end":{"line":30,"column":23}},"loc":{"start":{"line":30,"column":23},"end":{"line":32,"column":3}}},"5":{"name":"(anonymous_16)","decl":{"start":{"line":34,"column":2},"end":{"line":34,"column":10}},"loc":{"start":{"line":34,"column":10},"end":{"line":36,"column":3}}},"6":{"name":"(anonymous_17)","decl":{"start":{"line":38,"column":2},"end":{"line":38,"column":17}},"loc":{"start":{"line":38,"column":17},"end":{"line":40,"column":3}}},"7":{"name":"(anonymous_18)","decl":{"start":{"line":42,"column":2},"end":{"line":42,"column":7}},"loc":{"start":{"line":42,"column":26},"end":{"line":48,"column":3}}},"8":{"name":"(anonymous_19)","decl":{"start":{"line":50,"column":2},"end":{"line":50,"column":7}},"loc":{"start":{"line":50,"column":55},"end":{"line":60,"column":3}}},"9":{"name":"(anonymous_20)","decl":{"start":{"line":62,"column":2},"end":{"line":62,"column":18}},"loc":{"start":{"line":62,"column":29},"end":{"line":67,"column":3}}},"10":{"name":"(anonymous_21)","decl":{"start":{"line":69,"column":2},"end":{"line":69,"column":17}},"loc":{"start":{"line":69,"column":28},"end":{"line":74,"column":3}}},"11":{"name":"(anonymous_22)","decl":{"start":{"line":76,"column":2},"end":{"line":76,"column":8}},"loc":{"start":{"line":76,"column":19},"end":{"line":78,"column":3}}}},"branchMap":{"0":{"loc":{"start":{"line":44,"column":4},"end":{"line":46,"column":5}},"type":"if","locations":[{"start":{"line":44,"column":4},"end":{"line":46,"column":5}},{"start":{},"end":{}}]},"1":{"loc":{"start":{"line":53,"column":4},"end":{"line":57,"column":5}},"type":"if","locations":[{"start":{"line":53,"column":4},"end":{"line":57,"column":5}},{"start":{},"end":{}}]},"2":{"loc":{"start":{"line":9,"column":39},"end":{"line":9,"column":57}},"type":"cond-expr","locations":[{"start":{"line":9,"column":54},"end":{"line":9,"column":57}},{"start":{"line":9,"column":54},"end":{"line":9,"column":57}}]},"3":{"loc":{"start":{"line":9,"column":39},"end":{"line":9,"column":54}},"type":"binary-expr","locations":[{"start":{"line":9,"column":39},"end":{"line":9,"column":57}},{"start":{"line":9,"column":39},"end":{"line":9,"column":54}}]}},"s":{"0":5,"1":5,"2":5,"3":5,"4":13,"5":1,"6":1,"7":1,"8":1,"9":1,"10":1,"11":1,"12":1,"13":1,"14":2,"15":2,"16":1,"17":1,"18":2,"19":2,"20":1,"21":1,"22":1,"23":1,"24":1,"25":1,"26":1,"27":5,"28":5},"f":{"0":13,"1":1,"2":1,"3":1,"4":1,"5":1,"6":1,"7":2,"8":2,"9":1,"10":1,"11":1},"b":{"0":[1,1],"1":[1,1],"2":[5,0],"3":[5,5]}}
,"C:\\Users\\jeffe\\OneDrive\\Documentos\\projects\\eventhub\\backend\\src\\users\\dto\\create-user.dto.ts": {"path":"C:\\Users\\jeffe\\OneDrive\\Documentos\\projects\\eventhub\\backend\\src\\users\\dto\\create-user.dto.ts","statementMap":{"0":{"start":{"line":1,"column":0},"end":{"line":1,"column":85}},"1":{"start":{"line":3,"column":0},"end":{"line":3,"column":13}},"2":{"start":{"line":6,"column":2},"end":{"line":6,"column":null}},"3":{"start":{"line":9,"column":2},"end":{"line":9,"column":null}},"4":{"start":{"line":13,"column":2},"end":{"line":13,"column":null}},"5":{"start":{"line":17,"column":2},"end":{"line":17,"column":null}},"6":{"start":{"line":21,"column":2},"end":{"line":21,"column":null}},"7":{"start":{"line":26,"column":2},"end":{"line":26,"column":null}}},"fnMap":{},"branchMap":{},"s":{"0":1,"1":1,"2":1,"3":1,"4":1,"5":1,"6":1,"7":1},"f":{},"b":{}}
,"C:\\Users\\jeffe\\OneDrive\\Documentos\\projects\\eventhub\\backend\\src\\users\\dto\\update-user.dto.ts": {"path":"C:\\Users\\jeffe\\OneDrive\\Documentos\\projects\\eventhub\\backend\\src\\users\\dto\\update-user.dto.ts","statementMap":{"0":{"start":{"line":1,"column":0},"end":{"line":1,"column":51}},"1":{"start":{"line":2,"column":0},"end":{"line":2,"column":50}},"2":{"start":{"line":4,"column":0},"end":{"line":4,"column":13}}},"fnMap":{},"branchMap":{},"s":{"0":1,"1":1,"2":1},"f":{},"b":{}}
,"C:\\Users\\jeffe\\OneDrive\\Documentos\\projects\\eventhub\\backend\\src\\users\\entities\\user.entity.ts": {"path":"C:\\Users\\jeffe\\OneDrive\\Documentos\\projects\\eventhub\\backend\\src\\users\\entities\\user.entity.ts","statementMap":{"0":{"start":{"line":1,"column":0},"end":{"line":1,"column":13}}},"fnMap":{},"branchMap":{},"s":{"0":0},"f":{},"b":{}}
}
