TN:
SF:src\app.controller.ts
FN:6,(anonymous_2)
FN:9,(anonymous_3)
FNF:2
FNH:2
FNDA:1,(anonymous_2)
FNDA:1,(anonymous_3)
DA:1,1
DA:2,1
DA:5,1
DA:6,1
DA:9,1
DA:10,1
LF:6
LH:6
BRDA:6,0,0,1
BRDA:6,0,1,0
BRDA:6,1,0,1
BRDA:6,1,1,1
BRF:4
BRH:3
end_of_record
TN:
SF:src\app.module.ts
FNF:0
FNH:0
DA:1,0
DA:2,0
DA:3,0
DA:4,0
DA:5,0
DA:6,0
DA:7,0
DA:8,0
DA:9,0
DA:16,0
LF:10
LH:0
BRF:0
BRH:0
end_of_record
TN:
SF:src\app.service.ts
FN:5,(anonymous_1)
FNF:1
FNH:1
FNDA:1,(anonymous_1)
DA:1,1
DA:4,1
DA:6,1
LF:3
LH:3
BRF:0
BRH:0
end_of_record
TN:
SF:src\main.ts
FN:8,bootstrap
FNF:1
FNH:0
FNDA:0,bootstrap
DA:1,0
DA:2,0
DA:3,0
DA:4,0
DA:6,0
DA:9,0
DA:11,0
DA:19,0
DA:21,0
DA:29,0
DA:30,0
DA:32,0
LF:12
LH:0
BRDA:19,0,0,0
BRDA:19,0,1,0
BRDA:23,1,0,0
BRDA:23,1,1,0
BRDA:29,2,0,0
BRDA:29,2,1,0
BRF:6
BRH:0
end_of_record
TN:
SF:src\admin\admin.controller.ts
FN:8,(anonymous_4)
FN:11,(anonymous_5)
FN:16,(anonymous_6)
FN:21,(anonymous_7)
FN:26,(anonymous_8)
FN:31,(anonymous_9)
FNF:6
FNH:0
FNDA:0,(anonymous_4)
FNDA:0,(anonymous_5)
FNDA:0,(anonymous_6)
FNDA:0,(anonymous_7)
FNDA:0,(anonymous_8)
FNDA:0,(anonymous_9)
DA:1,0
DA:2,0
DA:3,0
DA:7,0
DA:8,0
DA:11,0
DA:12,0
DA:16,0
DA:17,0
DA:21,0
DA:22,0
DA:26,0
DA:27,0
DA:31,0
DA:32,0
LF:15
LH:0
BRDA:8,0,0,0
BRDA:8,0,1,0
BRDA:8,1,0,0
BRDA:8,1,1,0
BRF:4
BRH:0
end_of_record
TN:
SF:src\admin\admin.module.ts
FNF:0
FNH:0
DA:1,0
DA:2,0
DA:3,0
DA:4,0
DA:5,0
DA:12,0
LF:6
LH:0
BRF:0
BRH:0
end_of_record
TN:
SF:src\admin\admin.service.ts
FN:7,(anonymous_2)
FN:12,(anonymous_3)
FN:16,(anonymous_4)
FN:20,(anonymous_5)
FN:24,(anonymous_6)
FN:34,(anonymous_7)
FN:39,(anonymous_8)
FN:42,(anonymous_9)
FN:58,(anonymous_10)
FNF:9
FNH:9
FNDA:4,(anonymous_2)
FNDA:1,(anonymous_3)
FNDA:1,(anonymous_4)
FNDA:1,(anonymous_5)
FNDA:1,(anonymous_6)
FNDA:2,(anonymous_7)
FNDA:2,(anonymous_8)
FNDA:2,(anonymous_9)
FNDA:1,(anonymous_10)
DA:1,1
DA:2,1
DA:3,1
DA:6,1
DA:8,4
DA:9,4
DA:13,1
DA:17,1
DA:21,1
DA:25,1
DA:31,1
DA:32,1
DA:33,1
DA:34,1
DA:35,2
DA:38,1
DA:39,2
DA:42,1
DA:43,2
DA:44,2
DA:47,1
DA:59,1
LF:22
LH:22
BRDA:35,0,0,2
BRDA:35,0,1,2
BRDA:38,1,0,1
BRDA:38,1,1,0
BRDA:39,2,0,2
BRDA:39,2,1,0
BRDA:43,3,0,2
BRDA:43,3,1,0
BRDA:44,4,0,2
BRDA:44,4,1,0
BRDA:8,5,0,1
BRDA:8,5,1,0
BRDA:8,6,0,1
BRDA:8,6,1,1
BRDA:8,7,0,1
BRDA:8,7,1,0
BRDA:8,8,0,1
BRDA:8,8,1,1
BRF:18
BRH:12
end_of_record
TN:
SF:src\auth\auth.controller.ts
FN:7,(anonymous_4)
FN:11,(anonymous_5)
FNF:2
FNH:1
FNDA:1,(anonymous_4)
FNDA:0,(anonymous_5)
DA:1,1
DA:2,1
DA:3,1
DA:6,1
DA:7,1
DA:11,1
DA:12,0
LF:7
LH:6
BRDA:11,0,0,1
BRDA:11,0,1,0
BRDA:11,1,0,1
BRDA:11,1,1,1
BRDA:7,2,0,1
BRDA:7,2,1,0
BRDA:7,3,0,1
BRDA:7,3,1,1
BRF:8
BRH:6
end_of_record
TN:
SF:src\auth\auth.module.ts
FNF:0
FNH:0
DA:1,0
DA:2,0
DA:3,0
DA:4,0
DA:5,0
DA:19,0
LF:6
LH:0
BRDA:12,0,0,0
BRDA:12,0,1,0
BRF:2
BRH:0
end_of_record
TN:
SF:src\auth\auth.service.ts
FN:8,(anonymous_11)
FN:13,(anonymous_12)
FNF:2
FNH:2
FNDA:4,(anonymous_11)
FNDA:3,(anonymous_12)
DA:1,2
DA:2,2
DA:3,2
DA:4,2
DA:7,2
DA:9,4
DA:10,4
DA:14,3
DA:15,3
DA:16,1
DA:19,2
DA:20,2
DA:21,1
DA:24,1
DA:25,1
DA:27,1
LF:16
LH:16
BRDA:15,0,0,1
BRDA:15,0,1,2
BRDA:20,1,0,1
BRDA:20,1,1,1
BRDA:9,2,0,2
BRDA:9,2,1,0
BRDA:9,3,0,2
BRDA:9,3,1,2
BRDA:9,4,0,2
BRDA:9,4,1,0
BRDA:9,5,0,2
BRDA:9,5,1,2
BRF:12
BRH:10
end_of_record
TN:
SF:src\auth\dto\login.dto.ts
FNF:0
FNH:0
DA:1,1
DA:3,1
DA:5,1
DA:9,1
LF:4
LH:4
BRF:0
BRH:0
end_of_record
TN:
SF:src\auth\guards\jwt-auth.guard.ts
FN:7,(anonymous_2)
FN:9,(anonymous_3)
FN:29,(anonymous_4)
FNF:3
FNH:1
FNDA:2,(anonymous_2)
FNDA:0,(anonymous_3)
FNDA:0,(anonymous_4)
DA:1,2
DA:2,2
DA:6,2
DA:7,2
DA:10,0
DA:11,0
DA:13,0
DA:14,0
DA:17,0
DA:18,0
DA:21,0
DA:23,0
DA:26,0
DA:30,0
DA:31,0
LF:15
LH:4
BRDA:13,0,0,0
BRDA:13,0,1,0
BRDA:19,1,0,0
BRDA:19,1,1,0
BRDA:30,2,0,0
BRDA:30,2,1,0
BRDA:31,3,0,0
BRDA:31,3,1,0
BRDA:7,4,0,2
BRDA:7,4,1,0
BRDA:7,5,0,2
BRDA:7,5,1,2
BRF:12
BRH:3
end_of_record
TN:
SF:src\categories\categories.controller.ts
FN:6,(anonymous_2)
FN:9,(anonymous_3)
FNF:2
FNH:0
FNDA:0,(anonymous_2)
FNDA:0,(anonymous_3)
DA:1,0
DA:2,0
DA:5,0
DA:6,0
DA:9,0
DA:10,0
LF:6
LH:0
BRDA:6,0,0,0
BRDA:6,0,1,0
BRDA:6,1,0,0
BRDA:6,1,1,0
BRF:4
BRH:0
end_of_record
TN:
SF:src\categories\categories.module.ts
FNF:0
FNH:0
DA:1,0
DA:2,0
DA:3,0
DA:9,0
LF:4
LH:0
BRF:0
BRH:0
end_of_record
TN:
SF:src\categories\categories.service.ts
FN:26,(anonymous_1)
FNF:1
FNH:1
FNDA:1,(anonymous_1)
DA:1,1
DA:4,1
DA:5,1
DA:27,1
LF:4
LH:4
BRF:0
BRH:0
end_of_record
TN:
SF:src\events\events.controller.ts
FN:9,(anonymous_4)
FN:13,(anonymous_5)
FN:19,(anonymous_6)
FN:24,(anonymous_7)
FN:29,(anonymous_8)
FN:35,(anonymous_9)
FN:40,(anonymous_10)
FN:45,(anonymous_11)
FNF:8
FNH:1
FNDA:1,(anonymous_4)
FNDA:0,(anonymous_5)
FNDA:0,(anonymous_6)
FNDA:0,(anonymous_7)
FNDA:0,(anonymous_8)
FNDA:0,(anonymous_9)
FNDA:0,(anonymous_10)
FNDA:0,(anonymous_11)
DA:1,1
DA:2,1
DA:3,1
DA:4,1
DA:5,1
DA:8,1
DA:9,1
DA:13,1
DA:14,0
DA:15,0
DA:19,1
DA:20,0
DA:24,1
DA:25,0
DA:29,1
DA:30,0
DA:35,1
DA:36,0
DA:40,1
DA:41,0
DA:45,1
DA:46,0
LF:22
LH:14
BRDA:13,0,0,1
BRDA:13,0,1,0
BRDA:13,1,0,1
BRDA:13,1,1,1
BRDA:40,2,0,1
BRDA:40,2,1,0
BRDA:40,3,0,1
BRDA:40,3,1,1
BRDA:9,4,0,1
BRDA:9,4,1,0
BRDA:9,5,0,1
BRDA:9,5,1,1
BRF:12
BRH:9
end_of_record
TN:
SF:src\events\events.module.ts
FNF:0
FNH:0
DA:1,0
DA:2,0
DA:3,0
DA:4,0
DA:11,0
LF:5
LH:0
BRF:0
BRH:0
end_of_record
TN:
SF:src\events\events.repository.ts
FN:12,(anonymous_2)
FN:14,(anonymous_3)
FN:18,(anonymous_4)
FN:22,(anonymous_5)
FN:29,(anonymous_6)
FN:37,(anonymous_7)
FN:44,(anonymous_8)
FN:51,(anonymous_9)
FN:58,(anonymous_10)
FN:68,(anonymous_11)
FN:76,(anonymous_12)
FN:84,(anonymous_13)
FNF:12
FNH:0
FNDA:0,(anonymous_2)
FNDA:0,(anonymous_3)
FNDA:0,(anonymous_4)
FNDA:0,(anonymous_5)
FNDA:0,(anonymous_6)
FNDA:0,(anonymous_7)
FNDA:0,(anonymous_8)
FNDA:0,(anonymous_9)
FNDA:0,(anonymous_10)
FNDA:0,(anonymous_11)
FNDA:0,(anonymous_12)
FNDA:0,(anonymous_13)
DA:1,4
DA:2,4
DA:5,4
DA:11,4
DA:12,0
DA:15,0
DA:19,0
DA:23,0
DA:30,0
DA:38,0
DA:45,0
DA:52,0
DA:59,0
DA:69,0
DA:77,0
DA:85,0
LF:16
LH:4
BRDA:29,0,0,0
BRDA:12,1,0,4
BRDA:12,1,1,0
BRDA:12,2,0,4
BRDA:12,2,1,4
BRF:5
BRH:3
end_of_record
TN:
SF:src\events\events.service.ts
FN:8,(anonymous_2)
FN:10,(anonymous_3)
FN:22,(anonymous_4)
FN:27,(anonymous_5)
FN:32,(anonymous_6)
FN:37,(anonymous_7)
FN:42,(anonymous_8)
FN:47,(anonymous_9)
FN:52,(anonymous_10)
FN:60,(anonymous_11)
FN:66,(anonymous_12)
FN:72,(anonymous_13)
FN:78,(anonymous_14)
FN:79,(anonymous_15)
FN:82,(anonymous_16)
FNF:15
FNH:15
FNDA:14,(anonymous_2)
FNDA:2,(anonymous_3)
FNDA:1,(anonymous_4)
FNDA:1,(anonymous_5)
FNDA:1,(anonymous_6)
FNDA:1,(anonymous_7)
FNDA:1,(anonymous_8)
FNDA:1,(anonymous_9)
FNDA:5,(anonymous_10)
FNDA:1,(anonymous_11)
FNDA:1,(anonymous_12)
FNDA:1,(anonymous_13)
FNDA:6,(anonymous_14)
FNDA:7,(anonymous_15)
FNDA:16,(anonymous_16)
DA:1,4
DA:4,4
DA:7,4
DA:8,14
DA:11,2
DA:13,2
DA:19,2
DA:23,1
DA:24,1
DA:28,1
DA:29,1
DA:33,1
DA:34,1
DA:38,1
DA:39,1
DA:43,1
DA:44,1
DA:48,1
DA:49,1
DA:53,5
DA:54,5
DA:55,1
DA:57,4
DA:61,1
DA:62,1
DA:63,1
DA:67,1
DA:68,1
DA:69,1
DA:73,1
DA:74,1
DA:75,1
DA:79,7
DA:83,16
DA:84,16
DA:86,16
DA:87,0
DA:90,16
DA:91,0
DA:94,16
LF:40
LH:38
BRDA:15,0,0,2
BRDA:15,0,1,1
BRDA:54,1,0,1
BRDA:54,1,1,4
BRDA:86,2,0,0
BRDA:86,2,1,16
BRDA:87,3,0,0
BRDA:87,3,1,0
BRDA:87,4,0,0
BRDA:87,4,1,0
BRDA:90,5,0,0
BRDA:90,5,1,16
BRDA:91,6,0,0
BRDA:91,6,1,0
BRDA:8,7,0,4
BRDA:8,7,1,0
BRDA:8,8,0,4
BRDA:8,8,1,4
BRF:18
BRH:9
end_of_record
TN:
SF:src\events\dto\create-event.dto.ts
FNF:0
FNH:0
DA:1,1
DA:3,1
DA:6,1
DA:10,1
DA:14,1
DA:18,1
DA:22,1
DA:26,1
DA:30,1
DA:34,1
DA:38,1
DA:42,1
LF:12
LH:12
BRF:0
BRH:0
end_of_record
TN:
SF:src\events\dto\update-event.dto.ts
FNF:0
FNH:0
DA:1,1
DA:2,1
DA:4,1
LF:3
LH:3
BRF:0
BRH:0
end_of_record
TN:
SF:src\events\entities\event.entity.ts
FNF:0
FNH:0
DA:1,0
LF:1
LH:0
BRF:0
BRH:0
end_of_record
TN:
SF:src\prisma\prisma.module.ts
FNF:0
FNH:0
DA:1,0
DA:2,0
DA:9,0
LF:3
LH:0
BRF:0
BRH:0
end_of_record
TN:
SF:src\prisma\prisma.service.ts
FN:11,(anonymous_11)
FN:23,(anonymous_12)
FNF:2
FNH:1
FNDA:1,(anonymous_11)
FNDA:0,(anonymous_12)
DA:1,8
DA:2,8
DA:3,8
DA:4,8
DA:5,8
DA:7,8
DA:10,8
DA:12,1
DA:13,1
DA:19,1
DA:20,1
DA:24,0
LF:12
LH:11
BRDA:15,0,0,1
BRDA:15,0,1,0
BRF:2
BRH:1
end_of_record
TN:
SF:src\users\users.controller.ts
FN:10,(anonymous_4)
FN:16,(anonymous_5)
FN:21,(anonymous_6)
FN:27,(anonymous_7)
FN:33,(anonymous_8)
FN:39,(anonymous_9)
FN:45,(anonymous_10)
FN:50,(anonymous_11)
FN:55,(anonymous_12)
FN:60,(anonymous_13)
FN:65,(anonymous_14)
FNF:11
FNH:1
FNDA:1,(anonymous_4)
FNDA:0,(anonymous_5)
FNDA:0,(anonymous_6)
FNDA:0,(anonymous_7)
FNDA:0,(anonymous_8)
FNDA:0,(anonymous_9)
FNDA:0,(anonymous_10)
FNDA:0,(anonymous_11)
FNDA:0,(anonymous_12)
FNDA:0,(anonymous_13)
FNDA:0,(anonymous_14)
DA:1,1
DA:2,1
DA:3,1
DA:4,1
DA:5,1
DA:6,1
DA:9,1
DA:11,1
DA:12,1
DA:16,1
DA:17,0
DA:21,1
DA:22,0
DA:27,1
DA:28,0
DA:33,1
DA:34,0
DA:39,1
DA:40,0
DA:45,1
DA:46,0
DA:50,1
DA:51,0
DA:55,1
DA:56,0
DA:60,1
DA:61,0
DA:65,1
DA:66,0
LF:29
LH:19
BRDA:16,0,0,1
BRDA:16,0,1,0
BRDA:16,1,0,1
BRDA:16,1,1,1
BRDA:33,2,0,1
BRDA:33,2,1,0
BRDA:33,3,0,1
BRDA:33,3,1,1
BRDA:60,4,0,1
BRDA:60,4,1,0
BRDA:60,5,0,1
BRDA:60,5,1,1
BRDA:11,6,0,1
BRDA:11,6,1,0
BRDA:11,7,0,1
BRDA:11,7,1,1
BRDA:11,8,0,1
BRDA:11,8,1,0
BRDA:11,9,0,1
BRDA:11,9,1,1
BRF:20
BRH:15
end_of_record
TN:
SF:src\users\users.module.ts
FNF:0
FNH:0
DA:1,0
DA:2,0
DA:3,0
DA:4,0
DA:5,0
DA:13,0
LF:6
LH:0
BRF:0
BRH:0
end_of_record
TN:
SF:src\users\users.repository.ts
FN:7,(anonymous_2)
FN:9,(anonymous_3)
FN:13,(anonymous_4)
FN:17,(anonymous_5)
FN:21,(anonymous_6)
FN:27,(anonymous_7)
FN:31,(anonymous_8)
FN:35,(anonymous_9)
FN:39,(anonymous_10)
FN:43,(anonymous_11)
FNF:10
FNH:0
FNDA:0,(anonymous_2)
FNDA:0,(anonymous_3)
FNDA:0,(anonymous_4)
FNDA:0,(anonymous_5)
FNDA:0,(anonymous_6)
FNDA:0,(anonymous_7)
FNDA:0,(anonymous_8)
FNDA:0,(anonymous_9)
FNDA:0,(anonymous_10)
FNDA:0,(anonymous_11)
DA:1,5
DA:2,5
DA:6,5
DA:7,0
DA:10,0
DA:14,0
DA:18,0
DA:22,0
DA:28,0
DA:32,0
DA:36,0
DA:40,0
DA:44,0
LF:13
LH:3
BRDA:7,0,0,5
BRDA:7,0,1,0
BRDA:7,1,0,5
BRDA:7,1,1,5
BRF:4
BRH:3
end_of_record
TN:
SF:src\users\users.service.ts
FN:9,(anonymous_11)
FN:11,(anonymous_12)
FN:22,(anonymous_13)
FN:26,(anonymous_14)
FN:30,(anonymous_15)
FN:34,(anonymous_16)
FN:38,(anonymous_17)
FN:42,(anonymous_18)
FN:50,(anonymous_19)
FN:62,(anonymous_20)
FN:69,(anonymous_21)
FN:76,(anonymous_22)
FNF:12
FNH:12
FNDA:13,(anonymous_11)
FNDA:1,(anonymous_12)
FNDA:1,(anonymous_13)
FNDA:1,(anonymous_14)
FNDA:1,(anonymous_15)
FNDA:1,(anonymous_16)
FNDA:1,(anonymous_17)
FNDA:2,(anonymous_18)
FNDA:2,(anonymous_19)
FNDA:1,(anonymous_20)
FNDA:1,(anonymous_21)
FNDA:1,(anonymous_22)
DA:1,5
DA:4,5
DA:5,5
DA:8,5
DA:9,13
DA:12,1
DA:13,1
DA:14,1
DA:16,1
DA:23,1
DA:27,1
DA:31,1
DA:35,1
DA:39,1
DA:43,2
DA:44,2
DA:45,1
DA:47,1
DA:51,2
DA:53,2
DA:54,1
DA:55,1
DA:56,1
DA:59,1
DA:63,1
DA:70,1
DA:77,1
LF:27
LH:27
BRDA:44,0,0,1
BRDA:44,0,1,1
BRDA:53,1,0,1
BRDA:53,1,1,1
BRDA:9,2,0,5
BRDA:9,2,1,0
BRDA:9,3,0,5
BRDA:9,3,1,5
BRF:8
BRH:7
end_of_record
TN:
SF:src\users\dto\create-user.dto.ts
FNF:0
FNH:0
DA:1,1
DA:3,1
DA:6,1
DA:9,1
DA:13,1
DA:17,1
DA:21,1
DA:26,1
LF:8
LH:8
BRF:0
BRH:0
end_of_record
TN:
SF:src\users\dto\update-user.dto.ts
FNF:0
FNH:0
DA:1,1
DA:2,1
DA:4,1
LF:3
LH:3
BRF:0
BRH:0
end_of_record
TN:
SF:src\users\entities\user.entity.ts
FNF:0
FNH:0
DA:1,0
LF:1
LH:0
BRF:0
BRH:0
end_of_record
